2018-11-26 20:23:59,875 - Loaded System Directive: org.apache.velocity.runtime.directive.Foreach
2018-11-26 20:23:59,877 - Created '20' parsers.
2018-11-26 20:23:59,877 - Velocimacro : "velocimacro.library" is not set.  Trying default library: VM_global_library.vm
2018-11-26 20:23:59,878 - Could not load resource 'VM_global_library.vm' from ResourceLoader org.apache.velocity.runtime.resource.loader.ClasspathResourceLoader: ClasspathResourceLoader Error: cannot find resource VM_global_library.vm
2018-11-26 20:23:59,878 - Velocimacro : Default library not found.
2018-11-26 20:23:59,878 - Velocimacro : allowInline = true : VMs can be defined inline in templates
2018-11-26 20:23:59,878 - Velocimacro : allowInlineToOverride = false : VMs defined inline may NOT replace previous VM definitions
2018-11-26 20:23:59,878 - Velocimacro : allowInlineLocal = false : VMs defined inline will be global in scope if allowed.
2018-11-26 20:23:59,878 - Velocimacro : autoload off : VM system will not automatically reload global library macros
2018-11-26 20:23:59,882 - ResourceManager : found com/huacainfo/ace/generator/portal/jsp.edit.vm with loader org.apache.velocity.runtime.resource.loader.ClasspathResourceLoader
2018-11-26 20:23:59,883 - Null reference [template 'com/huacainfo/ace/generator/portal/jsp.edit.vm', line 8, column 16] : ${cfg.sys_name} cannot be resolved.
2018-11-26 20:23:59,883 - Null reference [template 'com/huacainfo/ace/generator/portal/jsp.edit.vm', line 11, column 24] : ${cfg.sys_name} cannot be resolved.
2018-11-26 20:23:59,883 - Null reference [template 'com/huacainfo/ace/generator/portal/jsp.edit.vm', line 11, column 47] : ${cfg.sys_name} cannot be resolved.
2018-11-26 20:23:59,883 - Null reference [template 'com/huacainfo/ace/generator/portal/jsp.edit.vm', line 14, column 54] : ${portalPath} cannot be resolved.
2018-11-26 20:23:59,883 - Null reference [template 'com/huacainfo/ace/generator/portal/jsp.edit.vm', line 16, column 38] : ${portalPath} cannot be resolved.
2018-11-26 20:23:59,883 - Null reference [template 'com/huacainfo/ace/generator/portal/jsp.edit.vm', line 21, column 46] : ${SESSION_USERPROP_KEY.cfg.portalType} cannot be resolved.
2018-11-26 20:23:59,883 - Null reference [template 'com/huacainfo/ace/generator/portal/jsp.edit.vm', line 39, column 46] : ${SESSION_USERPROP_KEY.cfg.portalType} cannot be resolved.
2018-11-26 20:23:59,901 - Null reference [template 'com/huacainfo/ace/generator/portal/jsp.edit.vm', line 74, column 41] : ${portalPath} cannot be resolved.
2018-11-26 20:23:59,901 - Null reference [template 'com/huacainfo/ace/generator/portal/jsp.edit.vm', line 74, column 96] : ${cfg.version} cannot be resolved.
2018-11-26 20:23:59,902 - Null reference [template 'com/huacainfo/ace/generator/portal/jsp.edit.vm', line 75, column 18] : ${portalPath} cannot be resolved.
2018-11-26 20:23:59,903 - Null reference [template 'com/huacainfo/ace/generator/portal/jsp.edit.vm', line 75, column 115] : ${cfg.version} cannot be resolved.
2018-11-26 20:23:59,903 - Null reference [template 'com/huacainfo/ace/generator/portal/jsp.edit.vm', line 76, column 41] : ${portalPath} cannot be resolved.
2018-11-26 20:23:59,903 - Null reference [template 'com/huacainfo/ace/generator/portal/jsp.edit.vm', line 77, column 41] : ${portalPath} cannot be resolved.
2018-11-26 20:23:59,903 - Null reference [template 'com/huacainfo/ace/generator/portal/jsp.edit.vm', line 78, column 18] : ${portalPath} cannot be resolved.
2018-11-26 20:23:59,903 - Null reference [template 'com/huacainfo/ace/generator/portal/jsp.edit.vm', line 78, column 75] : ${cfg.version} cannot be resolved.
2018-11-26 20:23:59,903 - Null reference [template 'com/huacainfo/ace/generator/portal/jsp.edit.vm', line 79, column 18] : ${pageContext.request.contextPath} cannot be resolved.
2018-11-26 20:23:59,904 - Null reference [template 'com/huacainfo/ace/generator/portal/jsp.edit.vm', line 79, column 93] : ${cfg.version} cannot be resolved.
2018-11-26 20:23:59,904 - Null reference [template 'com/huacainfo/ace/generator/portal/jsp.edit.vm', line 80, column 41] : ${portalPath} cannot be resolved.
2018-11-26 20:23:59,904 - Null reference [template 'com/huacainfo/ace/generator/portal/jsp.edit.vm', line 81, column 41] : ${portalPath} cannot be resolved.
2018-11-26 20:23:59,929 - Null reference [template 'com/huacainfo/ace/generator/portal/jsp.edit.vm', line 82, column 41] : ${portalPath} cannot be resolved.
2018-11-26 20:23:59,930 - Null reference [template 'com/huacainfo/ace/generator/portal/jsp.edit.vm', line 83, column 41] : ${portalPath} cannot be resolved.
2018-11-26 20:23:59,930 - Null reference [template 'com/huacainfo/ace/generator/portal/jsp.edit.vm', line 84, column 30] : ${cfg.version} cannot be resolved.
2018-11-26 20:23:59,951 - Log4JLogChute initialized using file 'velocity.log'
2018-11-26 20:23:59,951 - Initializing Velocity, Calling init()...
2018-11-26 20:23:59,951 - Starting Apache Velocity v1.7 (compiled: 2010-11-19 12:14:37)
2018-11-26 20:23:59,952 - Default Properties File: org/apache/velocity/runtime/defaults/velocity.properties
2018-11-26 20:23:59,952 - Trying to use logger class org.apache.velocity.runtime.log.AvalonLogChute
2018-11-26 20:23:59,952 - Target log system for org.apache.velocity.runtime.log.AvalonLogChute is not available (java.lang.NoClassDefFoundError: org/apache/log/format/Formatter).  Falling back to next log system...
2018-11-26 20:23:59,952 - Trying to use logger class org.apache.velocity.runtime.log.Log4JLogChute
2018-11-26 20:23:59,952 - Using logger class org.apache.velocity.runtime.log.Log4JLogChute
2018-11-26 20:23:59,952 - ResourceLoader instantiated: org.apache.velocity.runtime.resource.loader.ClasspathResourceLoader
2018-11-26 20:23:59,952 - ResourceCache: initialized (class org.apache.velocity.runtime.resource.ResourceCacheImpl) with class java.util.Collections$SynchronizedMap cache map.
2018-11-26 20:23:59,953 - Loaded System Directive: org.apache.velocity.runtime.directive.Stop
2018-11-26 20:23:59,953 - Loaded System Directive: org.apache.velocity.runtime.directive.Define
2018-11-26 20:23:59,953 - Loaded System Directive: org.apache.velocity.runtime.directive.Break
2018-11-26 20:23:59,954 - Loaded System Directive: org.apache.velocity.runtime.directive.Evaluate
2018-11-26 20:23:59,954 - Loaded System Directive: org.apache.velocity.runtime.directive.Literal
2018-11-26 20:23:59,954 - Loaded System Directive: org.apache.velocity.runtime.directive.Macro
2018-11-26 20:23:59,954 - Loaded System Directive: org.apache.velocity.runtime.directive.Parse
2018-11-26 20:23:59,954 - Loaded System Directive: org.apache.velocity.runtime.directive.Include
2018-11-26 20:23:59,954 - Loaded System Directive: org.apache.velocity.runtime.directive.Foreach
2018-11-26 20:23:59,955 - Created '20' parsers.
2018-11-26 20:23:59,955 - Velocimacro : "velocimacro.library" is not set.  Trying default library: VM_global_library.vm
2018-11-26 20:23:59,956 - Could not load resource 'VM_global_library.vm' from ResourceLoader org.apache.velocity.runtime.resource.loader.ClasspathResourceLoader: ClasspathResourceLoader Error: cannot find resource VM_global_library.vm
2018-11-26 20:23:59,956 - Velocimacro : Default library not found.
2018-11-26 20:23:59,956 - Velocimacro : allowInline = true : VMs can be defined inline in templates
2018-11-26 20:23:59,956 - Velocimacro : allowInlineToOverride = false : VMs defined inline may NOT replace previous VM definitions
2018-11-26 20:23:59,957 - Velocimacro : allowInlineLocal = false : VMs defined inline will be global in scope if allowed.
2018-11-26 20:23:59,957 - Velocimacro : autoload off : VM system will not automatically reload global library macros
2018-11-26 20:23:59,963 - ResourceManager : found com/huacainfo/ace/generator/portal/js.edit.vm with loader org.apache.velocity.runtime.resource.loader.ClasspathResourceLoader
system will not automatically reload global library macros
2018-11-26 20:23:59,963 - ResourceManager : found com/huacainfo/ace/generator/portal/js.edit.vm with loader org.apache.velocity.runtime.resource.loader.ClasspathResourceLoader
