2017-10-10 15:48:15,168 - Loaded System Directive: org.apache.velocity.runtime.directive.Parse
2017-10-10 15:48:15,168 - Loaded System Directive: org.apache.velocity.runtime.directive.Include
2017-10-10 15:48:15,169 - Loaded System Directive: org.apache.velocity.runtime.directive.Foreach
2017-10-10 15:48:15,175 - Created '20' parsers.
2017-10-10 15:48:15,175 - Velocimacro : "velocimacro.library" is not set.  Trying default library: VM_global_library.vm
2017-10-10 15:48:15,176 - Could not load resource 'VM_global_library.vm' from ResourceLoader org.apache.velocity.runtime.resource.loader.ClasspathResourceLoader: ClasspathResourceLoader Error: cannot find resource VM_global_library.vm
2017-10-10 15:48:15,177 - Velocimacro : Default library not found.
2017-10-10 15:48:15,177 - Velocimacro : allowInline = true : VMs can be defined inline in templates
2017-10-10 15:48:15,177 - Velocimacro : allowInlineToOverride = false : VMs defined inline may NOT replace previous VM definitions
2017-10-10 15:48:15,177 - Velocimacro : allowInlineLocal = false : VMs defined inline will be global in scope if allowed.
2017-10-10 15:48:15,177 - Velocimacro : autoload off : VM system will not automatically reload global library macros
2017-10-10 15:48:15,179 - ResourceManager : found email.task.vm with loader org.apache.velocity.runtime.resource.loader.ClasspathResourceLoader
2018-10-05 10:50:00,285 - Log4JLogChute initialized using file 'velocity.log'
2018-10-05 10:50:00,286 - Initializing Velocity, Calling init()...
2018-10-05 10:50:00,286 - Starting Apache Velocity v1.7 (compiled: 2010-11-19 12:14:37)
2018-10-05 10:50:00,286 - Default Properties File: org/apache/velocity/runtime/defaults/velocity.properties
2018-10-05 10:50:00,286 - Trying to use logger class org.apache.velocity.runtime.log.AvalonLogChute
2018-10-05 10:50:00,286 - Target log system for org.apache.velocity.runtime.log.AvalonLogChute is not available (java.lang.NoClassDefFoundError: org/apache/log/format/Formatter).  Falling back to next log system...
2018-10-05 10:50:00,286 - Trying to use logger class org.apache.velocity.runtime.log.Log4JLogChute
2018-10-05 10:50:00,286 - Using logger class org.apache.velocity.runtime.log.Log4JLogChute
2018-10-05 10:50:00,295 - ResourceLoader instantiated: org.apache.velocity.runtime.resource.loader.ClasspathResourceLoader
2018-10-05 10:50:00,312 - ResourceCache: initialized (class org.apache.velocity.runtime.resource.ResourceCacheImpl) with class java.util.Collections$SynchronizedMap cache map.
2018-10-05 10:50:00,313 - Loaded System Directive: org.apache.velocity.runtime.directive.Stop
2018-10-05 10:50:00,316 - Loaded System Directive: org.apache.velocity.runtime.directive.Define
2018-10-05 10:50:00,317 - Loaded System Directive: org.apache.velocity.runtime.directive.Break
2018-10-05 10:50:00,319 - Loaded System Directive: org.apache.velocity.runtime.directive.Evaluate
2018-10-05 10:50:00,320 - Loaded System Directive: org.apache.velocity.runtime.directive.Literal
2018-10-05 10:50:00,322 - Loaded System Directive: org.apache.velocity.runtime.directive.Macro
2018-10-05 10:50:00,324 - Loaded System Directive: org.apache.velocity.runtime.directive.Parse
2018-10-05 10:50:00,326 - Loaded System Directive: org.apache.velocity.runtime.directive.Include
2018-10-05 10:50:00,328 - Loaded System Directive: org.apache.velocity.runtime.directive.Foreach
2018-10-05 10:50:00,386 - Created '20' parsers.
2018-10-05 10:50:00,397 - Velocimacro : "velocimacro.library" is not set.  Trying default library: VM_global_library.vm
2018-10-05 10:50:00,400 - Could not load resource 'VM_global_library.vm' from ResourceLoader org.apache.velocity.runtime.resource.loader.ClasspathResourceLoader: ClasspathResourceLoader Error: cannot find resource VM_global_library.vm
2018-10-05 10:50:00,400 - Velocimacro : Default library not found.
2018-10-05 10:50:00,400 - Velocimacro : allowInline = true : VMs can be defined inline in templates
2018-10-05 10:50:00,400 - Velocimacro : allowInlineToOverride = false : VMs defined inline may NOT replace previous VM definitions
2018-10-05 10:50:00,400 - Velocimacro : allowInlineLocal = false : VMs defined inline will be global in scope if allowed.
2018-10-05 10:50:00,400 - Velocimacro : autoload off : VM system will not automatically reload global library macros
2018-10-05 10:50:00,420 - ResourceManager : found email.subject.liabletask.vm with loader org.apache.velocity.runtime.resource.loader.ClasspathResourceLoader
2018-10-05 10:50:00,434 - Log4JLogChute initialized using file 'velocity.log'
2018-10-05 10:50:00,434 - Log4JLogChute initialized using file 'velocity.log'
2018-10-05 10:50:00,434 - Initializing Velocity, Calling init()...
2018-10-05 10:50:00,434 - Initializing Velocity, Calling init()...
2018-10-05 10:50:00,434 - Starting Apache Velocity v1.7 (compiled: 2010-11-19 12:14:37)
2018-10-05 10:50:00,434 - Starting Apache Velocity v1.7 (compiled: 2010-11-19 12:14:37)
2018-10-05 10:50:00,434 - Default Properties File: org/apache/velocity/runtime/defaults/velocity.properties
2018-10-05 10:50:00,434 - Default Properties File: org/apache/velocity/runtime/defaults/velocity.properties
2018-10-05 10:50:00,434 - Trying to use logger class org.apache.velocity.runtime.log.AvalonLogChute
2018-10-05 10:50:00,434 - Trying to use logger class org.apache.velocity.runtime.log.AvalonLogChute
2018-10-05 10:50:00,434 - Target log system for org.apache.velocity.runtime.log.AvalonLogChute is not available (java.lang.NoClassDefFoundError: org/apache/log/format/Formatter).  Falling back to next log system...
2018-10-05 10:50:00,434 - Target log system for org.apache.velocity.runtime.log.AvalonLogChute is not available (java.lang.NoClassDefFoundError: org/apache/log/format/Formatter).  Falling back to next log system...
2018-10-05 10:50:00,434 - Trying to use logger class org.apache.velocity.runtime.log.Log4JLogChute
2018-10-05 10:50:00,434 - Trying to use logger class org.apache.velocity.runtime.log.Log4JLogChute
2018-10-05 10:50:00,435 - Using logger class org.apache.velocity.runtime.log.Log4JLogChute
2018-10-05 10:50:00,435 - Using logger class org.apache.velocity.runtime.log.Log4JLogChute
2018-10-05 10:50:00,435 - ResourceLoader instantiated: org.apache.velocity.runtime.resource.loader.ClasspathResourceLoader
2018-10-05 10:50:00,435 - ResourceLoader instantiated: org.apache.velocity.runtime.resource.loader.ClasspathResourceLoader
2018-10-05 10:50:00,436 - ResourceCache: initialized (class org.apache.velocity.runtime.resource.ResourceCacheImpl) with class java.util.Collections$SynchronizedMap cache map.
2018-10-05 10:50:00,436 - ResourceCache: initialized (class org.apache.velocity.runtime.resource.ResourceCacheImpl) with class java.util.Collections$SynchronizedMap cache map.
2018-10-05 10:50:00,436 - Loaded System Directive: org.apache.velocity.runtime.directive.Stop
2018-10-05 10:50:00,436 - Loaded System Directive: org.apache.velocity.runtime.directive.Stop
2018-10-05 10:50:00,436 - Loaded System Directive: org.apache.velocity.runtime.directive.Define
2018-10-05 10:50:00,436 - Loaded System Directive: org.apache.velocity.runtime.directive.Define
2018-10-05 10:50:00,436 - Loaded System Directive: org.apache.velocity.runtime.directive.Break
2018-10-05 10:50:00,436 - Loaded System Directive: org.apache.velocity.runtime.directive.Break
2018-10-05 10:50:00,436 - Loaded System Directive: org.apache.velocity.runtime.directive.Evaluate
2018-10-05 10:50:00,436 - Loaded System Directive: org.apache.velocity.runtime.directive.Evaluate
2018-10-05 10:50:00,436 - Loaded System Directive: org.apache.velocity.runtime.directive.Literal
2018-10-05 10:50:00,436 - Loaded System Directive: org.apache.velocity.runtime.directive.Literal
2018-10-05 10:50:00,436 - Loaded System Directive: org.apache.velocity.runtime.directive.Macro
2018-10-05 10:50:00,436 - Loaded System Directive: org.apache.velocity.runtime.directive.Macro
2018-10-05 10:50:00,437 - Loaded System Directive: org.apache.velocity.runtime.directive.Parse
2018-10-05 10:50:00,437 - Loaded System Directive: org.apache.velocity.runtime.directive.Parse
2018-10-05 10:50:00,437 - Loaded System Directive: org.apache.velocity.runtime.directive.Include
2018-10-05 10:50:00,437 - Loaded System Directive: org.apache.velocity.runtime.directive.Include
2018-10-05 10:50:00,437 - Loaded System Directive: org.apache.velocity.runtime.directive.Foreach
2018-10-05 10:50:00,437 - Loaded System Directive: org.apache.velocity.runtime.directive.Foreach
2018-10-05 10:50:00,442 - Created '20' parsers.
2018-10-05 10:50:00,442 - Created '20' parsers.
2018-10-05 10:50:00,442 - Velocimacro : "velocimacro.library" is not set.  Trying default library: VM_global_library.vm
2018-10-05 10:50:00,442 - Velocimacro : "velocimacro.library" is not set.  Trying default library: VM_global_library.vm
2018-10-05 10:50:00,443 - Could not load resource 'VM_global_library.vm' from ResourceLoader org.apache.velocity.runtime.resource.loader.ClasspathResourceLoader: ClasspathResourceLoader Error: cannot find resource VM_global_library.vm
2018-10-05 10:50:00,443 - Could not load resource 'VM_global_library.vm' from ResourceLoader org.apache.velocity.runtime.resource.loader.ClasspathResourceLoader: ClasspathResourceLoader Error: cannot find resource VM_global_library.vm
2018-10-05 10:50:00,443 - Velocimacro : Default library not found.
2018-10-05 10:50:00,443 - Velocimacro : Default library not found.
2018-10-05 10:50:00,443 - Velocimacro : allowInline = true : VMs can be defined inline in templates
2018-10-05 10:50:00,443 - Velocimacro : allowInline = true : VMs can be defined inline in templates
2018-10-05 10:50:00,443 - Velocimacro : allowInlineToOverride = false : VMs defined inline may NOT replace previous VM definitions
2018-10-05 10:50:00,443 - Velocimacro : allowInlineToOverride = false : VMs defined inline may NOT replace previous VM definitions
2018-10-05 10:50:00,444 - Velocimacro : allowInlineLocal = false : VMs defined inline will be global in scope if allowed.
2018-10-05 10:50:00,444 - Velocimacro : allowInlineLocal = false : VMs defined inline will be global in scope if allowed.
2018-10-05 10:50:00,444 - Velocimacro : autoload off : VM system will not automatically reload global library macros
2018-10-05 10:50:00,444 - Velocimacro : autoload off : VM system will not automatically reload global library macros
2018-10-05 10:50:00,445 - ResourceManager : found email.liabletask.vm with loader org.apache.velocity.runtime.resource.loader.ClasspathResourceLoader
2018-10-05 10:50:00,445 - ResourceManager : found email.liabletask.vm with loader org.apache.velocity.runtime.resource.loader.ClasspathResourceLoader
2018-10-05 15:24:19,713 - Log4JLogChute initialized using file 'velocity.log'
2018-10-05 15:24:19,713 - Log4JLogChute initialized using file 'velocity.log'
2018-10-05 15:24:19,713 - Log4JLogChute initialized using file 'velocity.log'
2018-10-05 15:24:19,718 - Initializing Velocity, Calling init()...
2018-10-05 15:24:19,718 - Initializing Velocity, Calling init()...
2018-10-05 15:24:19,718 - Initializing Velocity, Calling init()...
2018-10-05 15:24:19,718 - Starting Apache Velocity v1.7 (compiled: 2010-11-19 12:14:37)
2018-10-05 15:24:19,718 - Starting Apache Velocity v1.7 (compiled: 2010-11-19 12:14:37)
2018-10-05 15:24:19,718 - Starting Apache Velocity v1.7 (compiled: 2010-11-19 12:14:37)
2018-10-05 15:24:19,718 - Default Properties File: org/apache/velocity/runtime/defaults/velocity.properties
2018-10-05 15:24:19,718 - Default Properties File: org/apache/velocity/runtime/defaults/velocity.properties
2018-10-05 15:24:19,718 - Default Properties File: org/apache/velocity/runtime/defaults/velocity.properties
2018-10-05 15:24:19,718 - Trying to use logger class org.apache.velocity.runtime.log.AvalonLogChute
2018-10-05 15:24:19,718 - Trying to use logger class org.apache.velocity.runtime.log.AvalonLogChute
2018-10-05 15:24:19,718 - Trying to use logger class org.apache.velocity.runtime.log.AvalonLogChute
2018-10-05 15:24:19,718 - Target log system for org.apache.velocity.runtime.log.AvalonLogChute is not available (java.lang.NoClassDefFoundError: org/apache/log/format/Formatter).  Falling back to next log system...
2018-10-05 15:24:19,718 - Target log system for org.apache.velocity.runtime.log.AvalonLogChute is not available (java.lang.NoClassDefFoundError: org/apache/log/format/Formatter).  Falling back to next log system...
2018-10-05 15:24:19,718 - Target log system for org.apache.velocity.runtime.log.AvalonLogChute is not available (java.lang.NoClassDefFoundError: org/apache/log/format/Formatter).  Falling back to next log system...
2018-10-05 15:24:19,718 - Trying to use logger class org.apache.velocity.runtime.log.Log4JLogChute
2018-10-05 15:24:19,718 - Trying to use logger class org.apache.velocity.runtime.log.Log4JLogChute
2018-10-05 15:24:19,718 - Trying to use logger class org.apache.velocity.runtime.log.Log4JLogChute
2018-10-05 15:24:19,718 - Using logger class org.apache.velocity.runtime.log.Log4JLogChute
2018-10-05 15:24:19,718 - Using logger class org.apache.velocity.runtime.log.Log4JLogChute
2018-10-05 15:24:19,718 - Using logger class org.apache.velocity.runtime.log.Log4JLogChute
2018-10-05 15:24:19,724 - ResourceLoader instantiated: org.apache.velocity.runtime.resource.loader.ClasspathResourceLoader
2018-10-05 15:24:19,724 - ResourceLoader instantiated: org.apache.velocity.runtime.resource.loader.ClasspathResourceLoader
2018-10-05 15:24:19,724 - ResourceLoader instantiated: org.apache.velocity.runtime.resource.loader.ClasspathResourceLoader
2018-10-05 15:24:19,730 - ResourceCache: initialized (class org.apache.velocity.runtime.resource.ResourceCacheImpl) with class java.util.Collections$SynchronizedMap cache map.
2018-10-05 15:24:19,730 - ResourceCache: initialized (class org.apache.velocity.runtime.resource.ResourceCacheImpl) with class java.util.Collections$SynchronizedMap cache map.
2018-10-05 15:24:19,730 - ResourceCache: initialized (class org.apache.velocity.runtime.resource.ResourceCacheImpl) with class java.util.Collections$SynchronizedMap cache map.
2018-10-05 15:24:19,734 - Loaded System Directive: org.apache.velocity.runtime.directive.Stop
2018-10-05 15:24:19,734 - Loaded System Directive: org.apache.velocity.runtime.directive.Stop
2018-10-05 15:24:19,734 - Loaded System Directive: org.apache.velocity.runtime.directive.Stop
2018-10-05 15:24:19,735 - Loaded System Directive: org.apache.velocity.runtime.directive.Define
2018-10-05 15:24:19,735 - Loaded System Directive: org.apache.velocity.runtime.directive.Define
2018-10-05 15:24:19,735 - Loaded System Directive: org.apache.velocity.runtime.directive.Define
2018-10-05 15:24:19,735 - Loaded System Directive: org.apache.velocity.runtime.directive.Break
2018-10-05 15:24:19,735 - Loaded System Directive: org.apache.velocity.runtime.directive.Break
2018-10-05 15:24:19,735 - Loaded System Directive: org.apache.velocity.runtime.directive.Break
2018-10-05 15:24:19,736 - Loaded System Directive: org.apache.velocity.runtime.directive.Evaluate
2018-10-05 15:24:19,736 - Loaded System Directive: org.apache.velocity.runtime.directive.Evaluate
2018-10-05 15:24:19,736 - Loaded System Directive: org.apache.velocity.runtime.directive.Evaluate
2018-10-05 15:24:19,737 - Loaded System Directive: org.apache.velocity.runtime.directive.Literal
2018-10-05 15:24:19,737 - Loaded System Directive: org.apache.velocity.runtime.directive.Literal
2018-10-05 15:24:19,737 - Loaded System Directive: org.apache.velocity.runtime.directive.Literal
2018-10-05 15:24:19,737 - Loaded System Directive: org.apache.velocity.runtime.directive.Macro
2018-10-05 15:24:19,737 - Loaded System Directive: org.apache.velocity.runtime.directive.Macro
2018-10-05 15:24:19,737 - Loaded System Directive: org.apache.velocity.runtime.directive.Macro
2018-10-05 15:24:19,738 - Loaded System Directive: org.apache.velocity.runtime.directive.Parse
2018-10-05 15:24:19,738 - Loaded System Directive: org.apache.velocity.runtime.directive.Parse
2018-10-05 15:24:19,738 - Loaded System Directive: org.apache.velocity.runtime.directive.Parse
2018-10-05 15:24:19,738 - Loaded System Directive: org.apache.velocity.runtime.directive.Include
2018-10-05 15:24:19,738 - Loaded System Directive: org.apache.velocity.runtime.directive.Include
2018-10-05 15:24:19,738 - Loaded System Directive: org.apache.velocity.runtime.directive.Include
2018-10-05 15:24:19,738 - Loaded System Directive: org.apache.velocity.runtime.directive.Foreach
2018-10-05 15:24:19,738 - Loaded System Directive: org.apache.velocity.runtime.directive.Foreach
2018-10-05 15:24:19,738 - Loaded System Directive: org.apache.velocity.runtime.directive.Foreach
2018-10-05 15:24:19,774 - Created '20' parsers.
2018-10-05 15:24:19,774 - Created '20' parsers.
2018-10-05 15:24:19,774 - Created '20' parsers.
2018-10-05 15:24:19,776 - Velocimacro : "velocimacro.library" is not set.  Trying default library: VM_global_library.vm
2018-10-05 15:24:19,776 - Velocimacro : "velocimacro.library" is not set.  Trying default library: VM_global_library.vm
2018-10-05 15:24:19,776 - Velocimacro : "velocimacro.library" is not set.  Trying default library: VM_global_library.vm
2018-10-05 15:24:19,785 - Could not load resource 'VM_global_library.vm' from ResourceLoader org.apache.velocity.runtime.resource.loader.ClasspathResourceLoader: ClasspathResourceLoader Error: cannot find resource VM_global_library.vm
2018-10-05 15:24:19,785 - Could not load resource 'VM_global_library.vm' from ResourceLoader org.apache.velocity.runtime.resource.loader.ClasspathResourceLoader: ClasspathResourceLoader Error: cannot find resource VM_global_library.vm
2018-10-05 15:24:19,785 - Could not load resource 'VM_global_library.vm' from ResourceLoader org.apache.velocity.runtime.resource.loader.ClasspathResourceLoader: ClasspathResourceLoader Error: cannot find resource VM_global_library.vm
2018-10-05 15:24:19,785 - Velocimacro : Default library not found.
2018-10-05 15:24:19,785 - Velocimacro : Default library not found.
2018-10-05 15:24:19,785 - Velocimacro : Default library not found.
2018-10-05 15:24:19,785 - Velocimacro : allowInline = true : VMs can be defined inline in templates
2018-10-05 15:24:19,785 - Velocimacro : allowInline = true : VMs can be defined inline in templates
2018-10-05 15:24:19,785 - Velocimacro : allowInline = true : VMs can be defined inline in templates
2018-10-05 15:24:19,786 - Velocimacro : allowInlineToOverride = false : VMs defined inline may NOT replace previous VM definitions
2018-10-05 15:24:19,786 - Velocimacro : allowInlineToOverride = false : VMs defined inline may NOT replace previous VM definitions
2018-10-05 15:24:19,786 - Velocimacro : allowInlineToOverride = false : VMs defined inline may NOT replace previous VM definitions
2018-10-05 15:24:19,786 - Velocimacro : allowInlineLocal = false : VMs defined inline will be global in scope if allowed.
2018-10-05 15:24:19,786 - Velocimacro : allowInlineLocal = false : VMs defined inline will be global in scope if allowed.
2018-10-05 15:24:19,786 - Velocimacro : allowInlineLocal = false : VMs defined inline will be global in scope if allowed.
2018-10-05 15:24:19,786 - Velocimacro : autoload off : VM system will not automatically reload global library macros
2018-10-05 15:24:19,786 - Velocimacro : autoload off : VM system will not automatically reload global library macros
2018-10-05 15:24:19,786 - Velocimacro : autoload off : VM system will not automatically reload global library macros
2018-10-05 15:24:19,796 - ResourceManager : found email.subject.liabletask.vm with loader org.apache.velocity.runtime.resource.loader.ClasspathResourceLoader
2018-10-05 15:24:19,796 - ResourceManager : found email.subject.liabletask.vm with loader org.apache.velocity.runtime.resource.loader.ClasspathResourceLoader
2018-10-05 15:24:19,796 - ResourceManager : found email.subject.liabletask.vm with loader org.apache.velocity.runtime.resource.loader.ClasspathResourceLoader
2018-10-05 15:24:19,810 - Log4JLogChute initialized using file 'velocity.log'
2018-10-05 15:24:19,810 - Log4JLogChute initialized using file 'velocity.log'
2018-10-05 15:24:19,810 - Log4JLogChute initialized using file 'velocity.log'
2018-10-05 15:24:19,810 - Log4JLogChute initialized using file 'velocity.log'
2018-10-05 15:24:19,810 - Initializing Velocity, Calling init()...
2018-10-05 15:24:19,810 - Initializing Velocity, Calling init()...
2018-10-05 15:24:19,810 - Initializing Velocity, Calling init()...
2018-10-05 15:24:19,810 - Initializing Velocity, Calling init()...
2018-10-05 15:24:19,810 - Starting Apache Velocity v1.7 (compiled: 2010-11-19 12:14:37)
2018-10-05 15:24:19,810 - Starting Apache Velocity v1.7 (compiled: 2010-11-19 12:14:37)
2018-10-05 15:24:19,810 - Starting Apache Velocity v1.7 (compiled: 2010-11-19 12:14:37)
2018-10-05 15:24:19,810 - Starting Apache Velocity v1.7 (compiled: 2010-11-19 12:14:37)
2018-10-05 15:24:19,810 - Default Properties File: org/apache/velocity/runtime/defaults/velocity.properties
2018-10-05 15:24:19,810 - Default Properties File: org/apache/velocity/runtime/defaults/velocity.properties
2018-10-05 15:24:19,810 - Default Properties File: org/apache/velocity/runtime/defaults/velocity.properties
2018-10-05 15:24:19,810 - Default Properties File: org/apache/velocity/runtime/defaults/velocity.properties
2018-10-05 15:24:19,810 - Trying to use logger class org.apache.velocity.runtime.log.AvalonLogChute
2018-10-05 15:24:19,810 - Trying to use logger class org.apache.velocity.runtime.log.AvalonLogChute
2018-10-05 15:24:19,810 - Trying to use logger class org.apache.velocity.runtime.log.AvalonLogChute
2018-10-05 15:24:19,810 - Trying to use logger class org.apache.velocity.runtime.log.AvalonLogChute
2018-10-05 15:24:19,810 - Target log system for org.apache.velocity.runtime.log.AvalonLogChute is not available (java.lang.NoClassDefFoundError: org/apache/log/format/Formatter).  Falling back to next log system...
2018-10-05 15:24:19,810 - Target log system for org.apache.velocity.runtime.log.AvalonLogChute is not available (java.lang.NoClassDefFoundError: org/apache/log/format/Formatter).  Falling back to next log system...
2018-10-05 15:24:19,810 - Target log system for org.apache.velocity.runtime.log.AvalonLogChute is not available (java.lang.NoClassDefFoundError: org/apache/log/format/Formatter).  Falling back to next log system...
2018-10-05 15:24:19,810 - Target log system for org.apache.velocity.runtime.log.AvalonLogChute is not available (java.lang.NoClassDefFoundError: org/apache/log/format/Formatter).  Falling back to next log system...
2018-10-05 15:24:19,810 - Trying to use logger class org.apache.velocity.runtime.log.Log4JLogChute
2018-10-05 15:24:19,810 - Trying to use logger class org.apache.velocity.runtime.log.Log4JLogChute
2018-10-05 15:24:19,810 - Trying to use logger class org.apache.velocity.runtime.log.Log4JLogChute
2018-10-05 15:24:19,810 - Trying to use logger class org.apache.velocity.runtime.log.Log4JLogChute
2018-10-05 15:24:19,810 - Using logger class org.apache.velocity.runtime.log.Log4JLogChute
2018-10-05 15:24:19,810 - Using logger class org.apache.velocity.runtime.log.Log4JLogChute
2018-10-05 15:24:19,810 - Using logger class org.apache.velocity.runtime.log.Log4JLogChute
2018-10-05 15:24:19,810 - Using logger class org.apache.velocity.runtime.log.Log4JLogChute
2018-10-05 15:24:19,811 - ResourceLoader instantiated: org.apache.velocity.runtime.resource.loader.ClasspathResourceLoader
2018-10-05 15:24:19,811 - ResourceLoader instantiated: org.apache.velocity.runtime.resource.loader.ClasspathResourceLoader
2018-10-05 15:24:19,811 - ResourceLoader instantiated: org.apache.velocity.runtime.resource.loader.ClasspathResourceLoader
2018-10-05 15:24:19,811 - ResourceLoader instantiated: org.apache.velocity.runtime.resource.loader.ClasspathResourceLoader
2018-10-05 15:24:19,811 - ResourceCache: initialized (class org.apache.velocity.runtime.resource.ResourceCacheImpl) with class java.util.Collections$SynchronizedMap cache map.
2018-10-05 15:24:19,811 - ResourceCache: initialized (class org.apache.velocity.runtime.resource.ResourceCacheImpl) with class java.util.Collections$SynchronizedMap cache map.
2018-10-05 15:24:19,811 - ResourceCache: initialized (class org.apache.velocity.runtime.resource.ResourceCacheImpl) with class java.util.Collections$SynchronizedMap cache map.
2018-10-05 15:24:19,811 - ResourceCache: initialized (class org.apache.velocity.runtime.resource.ResourceCacheImpl) with class java.util.Collections$SynchronizedMap cache map.
2018-10-05 15:24:19,812 - Loaded System Directive: org.apache.velocity.runtime.directive.Stop
2018-10-05 15:24:19,812 - Loaded System Directive: org.apache.velocity.runtime.directive.Stop
2018-10-05 15:24:19,812 - Loaded System Directive: org.apache.velocity.runtime.directive.Stop
2018-10-05 15:24:19,812 - Loaded System Directive: org.apache.velocity.runtime.directive.Stop
2018-10-05 15:24:19,812 - Loaded System Directive: org.apache.velocity.runtime.directive.Define
2018-10-05 15:24:19,812 - Loaded System Directive: org.apache.velocity.runtime.directive.Define
2018-10-05 15:24:19,812 - Loaded System Directive: org.apache.velocity.runtime.directive.Define
2018-10-05 15:24:19,812 - Loaded System Directive: org.apache.velocity.runtime.directive.Define
2018-10-05 15:24:19,812 - Loaded System Directive: org.apache.velocity.runtime.directive.Break
2018-10-05 15:24:19,812 - Loaded System Directive: org.apache.velocity.runtime.directive.Break
2018-10-05 15:24:19,812 - Loaded System Directive: org.apache.velocity.runtime.directive.Break
2018-10-05 15:24:19,812 - Loaded System Directive: org.apache.velocity.runtime.directive.Break
2018-10-05 15:24:19,812 - Loaded System Directive: org.apache.velocity.runtime.directive.Evaluate
2018-10-05 15:24:19,812 - Loaded System Directive: org.apache.velocity.runtime.directive.Evaluate
2018-10-05 15:24:19,812 - Loaded System Directive: org.apache.velocity.runtime.directive.Evaluate
2018-10-05 15:24:19,812 - Loaded System Directive: org.apache.velocity.runtime.directive.Evaluate
2018-10-05 15:24:19,814 - Loaded System Directive: org.apache.velocity.runtime.directive.Literal
2018-10-05 15:24:19,814 - Loaded System Directive: org.apache.velocity.runtime.directive.Literal
2018-10-05 15:24:19,814 - Loaded System Directive: org.apache.velocity.runtime.directive.Literal
2018-10-05 15:24:19,814 - Loaded System Directive: org.apache.velocity.runtime.directive.Literal
2018-10-05 15:24:19,814 - Loaded System Directive: org.apache.velocity.runtime.directive.Macro
2018-10-05 15:24:19,814 - Loaded System Directive: org.apache.velocity.runtime.directive.Macro
2018-10-05 15:24:19,814 - Loaded System Directive: org.apache.velocity.runtime.directive.Macro
2018-10-05 15:24:19,814 - Loaded System Directive: org.apache.velocity.runtime.directive.Macro
2018-10-05 15:24:19,814 - Loaded System Directive: org.apache.velocity.runtime.directive.Parse
2018-10-05 15:24:19,814 - Loaded System Directive: org.apache.velocity.runtime.directive.Parse
2018-10-05 15:24:19,814 - Loaded System Directive: org.apache.velocity.runtime.directive.Parse
2018-10-05 15:24:19,814 - Loaded System Directive: org.apache.velocity.runtime.directive.Parse
2018-10-05 15:24:19,814 - Loaded System Directive: org.apache.velocity.runtime.directive.Include
2018-10-05 15:24:19,814 - Loaded System Directive: org.apache.velocity.runtime.directive.Include
2018-10-05 15:24:19,814 - Loaded System Directive: org.apache.velocity.runtime.directive.Include
2018-10-05 15:24:19,814 - Loaded System Directive: org.apache.velocity.runtime.directive.Include
2018-10-05 15:24:19,814 - Loaded System Directive: org.apache.velocity.runtime.directive.Foreach
2018-10-05 15:24:19,814 - Loaded System Directive: org.apache.velocity.runtime.directive.Foreach
2018-10-05 15:24:19,814 - Loaded System Directive: org.apache.velocity.runtime.directive.Foreach
2018-10-05 15:24:19,814 - Loaded System Directive: org.apache.velocity.runtime.directive.Foreach
2018-10-05 15:24:19,840 - Created '20' parsers.
2018-10-05 15:24:19,840 - Created '20' parsers.
2018-10-05 15:24:19,840 - Created '20' parsers.
2018-10-05 15:24:19,840 - Created '20' parsers.
2018-10-05 15:24:19,840 - Velocimacro : "velocimacro.library" is not set.  Trying default library: VM_global_library.vm
2018-10-05 15:24:19,840 - Velocimacro : "velocimacro.library" is not set.  Trying default library: VM_global_library.vm
2018-10-05 15:24:19,840 - Velocimacro : "velocimacro.library" is not set.  Trying default library: VM_global_library.vm
2018-10-05 15:24:19,840 - Velocimacro : "velocimacro.library" is not set.  Trying default library: VM_global_library.vm
2018-10-05 15:24:19,843 - Could not load resource 'VM_global_library.vm' from ResourceLoader org.apache.velocity.runtime.resource.loader.ClasspathResourceLoader: ClasspathResourceLoader Error: cannot find resource VM_global_library.vm
2018-10-05 15:24:19,843 - Could not load resource 'VM_global_library.vm' from ResourceLoader org.apache.velocity.runtime.resource.loader.ClasspathResourceLoader: ClasspathResourceLoader Error: cannot find resource VM_global_library.vm
2018-10-05 15:24:19,843 - Could not load resource 'VM_global_library.vm' from ResourceLoader org.apache.velocity.runtime.resource.loader.ClasspathResourceLoader: ClasspathResourceLoader Error: cannot find resource VM_global_library.vm
2018-10-05 15:24:19,843 - Could not load resource 'VM_global_library.vm' from ResourceLoader org.apache.velocity.runtime.resource.loader.ClasspathResourceLoader: ClasspathResourceLoader Error: cannot find resource VM_global_library.vm
2018-10-05 15:24:19,843 - Velocimacro : Default library not found.
2018-10-05 15:24:19,843 - Velocimacro : Default library not found.
2018-10-05 15:24:19,843 - Velocimacro : Default library not found.
2018-10-05 15:24:19,843 - Velocimacro : Default library not found.
2018-10-05 15:24:19,843 - Velocimacro : allowInline = true : VMs can be defined inline in templates
2018-10-05 15:24:19,843 - Velocimacro : allowInline = true : VMs can be defined inline in templates
2018-10-05 15:24:19,843 - Velocimacro : allowInline = true : VMs can be defined inline in templates
2018-10-05 15:24:19,843 - Velocimacro : allowInline = true : VMs can be defined inline in templates
2018-10-05 15:24:19,843 - Velocimacro : allowInlineToOverride = false : VMs defined inline may NOT replace previous VM definitions
2018-10-05 15:24:19,843 - Velocimacro : allowInlineToOverride = false : VMs defined inline may NOT replace previous VM definitions
2018-10-05 15:24:19,843 - Velocimacro : allowInlineToOverride = false : VMs defined inline may NOT replace previous VM definitions
2018-10-05 15:24:19,843 - Velocimacro : allowInlineToOverride = false : VMs defined inline may NOT replace previous VM definitions
2018-10-05 15:24:19,843 - Velocimacro : allowInlineLocal = false : VMs defined inline will be global in scope if allowed.
2018-10-05 15:24:19,843 - Velocimacro : allowInlineLocal = false : VMs defined inline will be global in scope if allowed.
2018-10-05 15:24:19,843 - Velocimacro : allowInlineLocal = false : VMs defined inline will be global in scope if allowed.
2018-10-05 15:24:19,843 - Velocimacro : allowInlineLocal = false : VMs defined inline will be global in scope if allowed.
2018-10-05 15:24:19,843 - Velocimacro : autoload off : VM system will not automatically reload global library macros
2018-10-05 15:24:19,843 - Velocimacro : autoload off : VM system will not automatically reload global library macros
2018-10-05 15:24:19,843 - Velocimacro : autoload off : VM system will not automatically reload global library macros
2018-10-05 15:24:19,843 - Velocimacro : autoload off : VM system will not automatically reload global library macros
2018-10-05 15:24:19,846 - ResourceManager : found email.liabletask.vm with loader org.apache.velocity.runtime.resource.loader.ClasspathResourceLoader
2018-10-05 15:24:19,846 - ResourceManager : found email.liabletask.vm with loader org.apache.velocity.runtime.resource.loader.ClasspathResourceLoader
2018-10-05 15:24:19,846 - ResourceManager : found email.liabletask.vm with loader org.apache.velocity.runtime.resource.loader.ClasspathResourceLoader
2018-10-05 15:24:19,846 - ResourceManager : found email.liabletask.vm with loader org.apache.velocity.runtime.resource.loader.ClasspathResourceLoader
2018-10-05 16:48:24,392 - Log4JLogChute initialized using file 'velocity.log'
2018-10-05 16:48:24,392 - Log4JLogChute initialized using file 'velocity.log'
2018-10-05 16:48:24,392 - Log4JLogChute initialized using file 'velocity.log'
2018-10-05 16:48:24,392 - Log4JLogChute initialized using file 'velocity.log'
2018-10-05 16:48:24,392 - Log4JLogChute initialized using file 'velocity.log'
2018-10-05 16:48:24,396 - Initializing Velocity, Calling init()...
2018-10-05 16:48:24,396 - Initializing Velocity, Calling init()...
2018-10-05 16:48:24,396 - Initializing Velocity, Calling init()...
2018-10-05 16:48:24,396 - Initializing Velocity, Calling init()...
2018-10-05 16:48:24,396 - Initializing Velocity, Calling init()...
2018-10-05 16:48:24,396 - Starting Apache Velocity v1.7 (compiled: 2010-11-19 12:14:37)
2018-10-05 16:48:24,396 - Starting Apache Velocity v1.7 (compiled: 2010-11-19 12:14:37)
2018-10-05 16:48:24,396 - Starting Apache Velocity v1.7 (compiled: 2010-11-19 12:14:37)
2018-10-05 16:48:24,396 - Starting Apache Velocity v1.7 (compiled: 2010-11-19 12:14:37)
2018-10-05 16:48:24,396 - Starting Apache Velocity v1.7 (compiled: 2010-11-19 12:14:37)
2018-10-05 16:48:24,396 - Default Properties File: org/apache/velocity/runtime/defaults/velocity.properties
2018-10-05 16:48:24,396 - Default Properties File: org/apache/velocity/runtime/defaults/velocity.properties
2018-10-05 16:48:24,396 - Default Properties File: org/apache/velocity/runtime/defaults/velocity.properties
2018-10-05 16:48:24,396 - Default Properties File: org/apache/velocity/runtime/defaults/velocity.properties
2018-10-05 16:48:24,396 - Default Properties File: org/apache/velocity/runtime/defaults/velocity.properties
2018-10-05 16:48:24,397 - Trying to use logger class org.apache.velocity.runtime.log.AvalonLogChute
2018-10-05 16:48:24,397 - Trying to use logger class org.apache.velocity.runtime.log.AvalonLogChute
2018-10-05 16:48:24,397 - Trying to use logger class org.apache.velocity.runtime.log.AvalonLogChute
2018-10-05 16:48:24,397 - Trying to use logger class org.apache.velocity.runtime.log.AvalonLogChute
2018-10-05 16:48:24,397 - Trying to use logger class org.apache.velocity.runtime.log.AvalonLogChute
2018-10-05 16:48:24,397 - Target log system for org.apache.velocity.runtime.log.AvalonLogChute is not available (java.lang.NoClassDefFoundError: org/apache/log/format/Formatter).  Falling back to next log system...
2018-10-05 16:48:24,397 - Target log system for org.apache.velocity.runtime.log.AvalonLogChute is not available (java.lang.NoClassDefFoundError: org/apache/log/format/Formatter).  Falling back to next log system...
2018-10-05 16:48:24,397 - Target log system for org.apache.velocity.runtime.log.AvalonLogChute is not available (java.lang.NoClassDefFoundError: org/apache/log/format/Formatter).  Falling back to next log system...
2018-10-05 16:48:24,397 - Target log system for org.apache.velocity.runtime.log.AvalonLogChute is not available (java.lang.NoClassDefFoundError: org/apache/log/format/Formatter).  Falling back to next log system...
2018-10-05 16:48:24,397 - Target log system for org.apache.velocity.runtime.log.AvalonLogChute is not available (java.lang.NoClassDefFoundError: org/apache/log/format/Formatter).  Falling back to next log system...
2018-10-05 16:48:24,397 - Trying to use logger class org.apache.velocity.runtime.log.Log4JLogChute
2018-10-05 16:48:24,397 - Trying to use logger class org.apache.velocity.runtime.log.Log4JLogChute
2018-10-05 16:48:24,397 - Trying to use logger class org.apache.velocity.runtime.log.Log4JLogChute
2018-10-05 16:48:24,397 - Trying to use logger class org.apache.velocity.runtime.log.Log4JLogChute
2018-10-05 16:48:24,397 - Trying to use logger class org.apache.velocity.runtime.log.Log4JLogChute
2018-10-05 16:48:24,397 - Using logger class org.apache.velocity.runtime.log.Log4JLogChute
2018-10-05 16:48:24,397 - Using logger class org.apache.velocity.runtime.log.Log4JLogChute
2018-10-05 16:48:24,397 - Using logger class org.apache.velocity.runtime.log.Log4JLogChute
2018-10-05 16:48:24,397 - Using logger class org.apache.velocity.runtime.log.Log4JLogChute
2018-10-05 16:48:24,397 - Using logger class org.apache.velocity.runtime.log.Log4JLogChute
2018-10-05 16:48:24,398 - ResourceLoader instantiated: org.apache.velocity.runtime.resource.loader.ClasspathResourceLoader
2018-10-05 16:48:24,398 - ResourceLoader instantiated: org.apache.velocity.runtime.resource.loader.ClasspathResourceLoader
2018-10-05 16:48:24,398 - ResourceLoader instantiated: org.apache.velocity.runtime.resource.loader.ClasspathResourceLoader
2018-10-05 16:48:24,398 - ResourceLoader instantiated: org.apache.velocity.runtime.resource.loader.ClasspathResourceLoader
2018-10-05 16:48:24,398 - ResourceLoader instantiated: org.apache.velocity.runtime.resource.loader.ClasspathResourceLoader
2018-10-05 16:48:24,399 - ResourceCache: initialized (class org.apache.velocity.runtime.resource.ResourceCacheImpl) with class java.util.Collections$SynchronizedMap cache map.
2018-10-05 16:48:24,399 - ResourceCache: initialized (class org.apache.velocity.runtime.resource.ResourceCacheImpl) with class java.util.Collections$SynchronizedMap cache map.
2018-10-05 16:48:24,399 - ResourceCache: initialized (class org.apache.velocity.runtime.resource.ResourceCacheImpl) with class java.util.Collections$SynchronizedMap cache map.
2018-10-05 16:48:24,399 - ResourceCache: initialized (class org.apache.velocity.runtime.resource.ResourceCacheImpl) with class java.util.Collections$SynchronizedMap cache map.
2018-10-05 16:48:24,399 - ResourceCache: initialized (class org.apache.velocity.runtime.resource.ResourceCacheImpl) with class java.util.Collections$SynchronizedMap cache map.
2018-10-05 16:48:24,399 - Loaded System Directive: org.apache.velocity.runtime.directive.Stop
2018-10-05 16:48:24,399 - Loaded System Directive: org.apache.velocity.runtime.directive.Stop
2018-10-05 16:48:24,399 - Loaded System Directive: org.apache.velocity.runtime.directive.Stop
2018-10-05 16:48:24,399 - Loaded System Directive: org.apache.velocity.runtime.directive.Stop
2018-10-05 16:48:24,399 - Loaded System Directive: org.apache.velocity.runtime.directive.Stop
2018-10-05 16:48:24,399 - Loaded System Directive: org.apache.velocity.runtime.directive.Define
2018-10-05 16:48:24,399 - Loaded System Directive: org.apache.velocity.runtime.directive.Define
2018-10-05 16:48:24,399 - Loaded System Directive: org.apache.velocity.runtime.directive.Define
2018-10-05 16:48:24,399 - Loaded System Directive: org.apache.velocity.runtime.directive.Define
2018-10-05 16:48:24,399 - Loaded System Directive: org.apache.velocity.runtime.directive.Define
2018-10-05 16:48:24,400 - Loaded System Directive: org.apache.velocity.runtime.directive.Break
2018-10-05 16:48:24,400 - Loaded System Directive: org.apache.velocity.runtime.directive.Break
2018-10-05 16:48:24,400 - Loaded System Directive: org.apache.velocity.runtime.directive.Break
2018-10-05 16:48:24,400 - Loaded System Directive: org.apache.velocity.runtime.directive.Break
2018-10-05 16:48:24,400 - Loaded System Directive: org.apache.velocity.runtime.directive.Break
2018-10-05 16:48:24,400 - Loaded System Directive: org.apache.velocity.runtime.directive.Evaluate
2018-10-05 16:48:24,400 - Loaded System Directive: org.apache.velocity.runtime.directive.Evaluate
2018-10-05 16:48:24,400 - Loaded System Directive: org.apache.velocity.runtime.directive.Evaluate
2018-10-05 16:48:24,400 - Loaded System Directive: org.apache.velocity.runtime.directive.Evaluate
2018-10-05 16:48:24,400 - Loaded System Directive: org.apache.velocity.runtime.directive.Evaluate
2018-10-05 16:48:24,400 - Loaded System Directive: org.apache.velocity.runtime.directive.Literal
2018-10-05 16:48:24,400 - Loaded System Directive: org.apache.velocity.runtime.directive.Literal
2018-10-05 16:48:24,400 - Loaded System Directive: org.apache.velocity.runtime.directive.Literal
2018-10-05 16:48:24,400 - Loaded System Directive: org.apache.velocity.runtime.directive.Literal
2018-10-05 16:48:24,400 - Loaded System Directive: org.apache.velocity.runtime.directive.Literal
2018-10-05 16:48:24,400 - Loaded System Directive: org.apache.velocity.runtime.directive.Macro
2018-10-05 16:48:24,400 - Loaded System Directive: org.apache.velocity.runtime.directive.Macro
2018-10-05 16:48:24,400 - Loaded System Directive: org.apache.velocity.runtime.directive.Macro
2018-10-05 16:48:24,400 - Loaded System Directive: org.apache.velocity.runtime.directive.Macro
2018-10-05 16:48:24,400 - Loaded System Directive: org.apache.velocity.runtime.directive.Macro
2018-10-05 16:48:24,400 - Loaded System Directive: org.apache.velocity.runtime.directive.Parse
2018-10-05 16:48:24,400 - Loaded System Directive: org.apache.velocity.runtime.directive.Parse
2018-10-05 16:48:24,400 - Loaded System Directive: org.apache.velocity.runtime.directive.Parse
2018-10-05 16:48:24,400 - Loaded System Directive: org.apache.velocity.runtime.directive.Parse
2018-10-05 16:48:24,400 - Loaded System Directive: org.apache.velocity.runtime.directive.Parse
2018-10-05 16:48:24,400 - Loaded System Directive: org.apache.velocity.runtime.directive.Include
2018-10-05 16:48:24,400 - Loaded System Directive: org.apache.velocity.runtime.directive.Include
2018-10-05 16:48:24,400 - Loaded System Directive: org.apache.velocity.runtime.directive.Include
2018-10-05 16:48:24,400 - Loaded System Directive: org.apache.velocity.runtime.directive.Include
2018-10-05 16:48:24,400 - Loaded System Directive: org.apache.velocity.runtime.directive.Include
2018-10-05 16:48:24,400 - Loaded System Directive: org.apache.velocity.runtime.directive.Foreach
2018-10-05 16:48:24,400 - Loaded System Directive: org.apache.velocity.runtime.directive.Foreach
2018-10-05 16:48:24,400 - Loaded System Directive: org.apache.velocity.runtime.directive.Foreach
2018-10-05 16:48:24,400 - Loaded System Directive: org.apache.velocity.runtime.directive.Foreach
2018-10-05 16:48:24,400 - Loaded System Directive: org.apache.velocity.runtime.directive.Foreach
2018-10-05 16:48:24,416 - Created '20' parsers.
2018-10-05 16:48:24,416 - Created '20' parsers.
2018-10-05 16:48:24,416 - Created '20' parsers.
2018-10-05 16:48:24,416 - Created '20' parsers.
2018-10-05 16:48:24,416 - Created '20' parsers.
2018-10-05 16:48:24,416 - Velocimacro : "velocimacro.library" is not set.  Trying default library: VM_global_library.vm
2018-10-05 16:48:24,416 - Velocimacro : "velocimacro.library" is not set.  Trying default library: VM_global_library.vm
2018-10-05 16:48:24,416 - Velocimacro : "velocimacro.library" is not set.  Trying default library: VM_global_library.vm
2018-10-05 16:48:24,416 - Velocimacro : "velocimacro.library" is not set.  Trying default library: VM_global_library.vm
2018-10-05 16:48:24,416 - Velocimacro : "velocimacro.library" is not set.  Trying default library: VM_global_library.vm
2018-10-05 16:48:24,418 - Could not load resource 'VM_global_library.vm' from ResourceLoader org.apache.velocity.runtime.resource.loader.ClasspathResourceLoader: ClasspathResourceLoader Error: cannot find resource VM_global_library.vm
2018-10-05 16:48:24,418 - Could not load resource 'VM_global_library.vm' from ResourceLoader org.apache.velocity.runtime.resource.loader.ClasspathResourceLoader: ClasspathResourceLoader Error: cannot find resource VM_global_library.vm
2018-10-05 16:48:24,418 - Could not load resource 'VM_global_library.vm' from ResourceLoader org.apache.velocity.runtime.resource.loader.ClasspathResourceLoader: ClasspathResourceLoader Error: cannot find resource VM_global_library.vm
2018-10-05 16:48:24,418 - Could not load resource 'VM_global_library.vm' from ResourceLoader org.apache.velocity.runtime.resource.loader.ClasspathResourceLoader: ClasspathResourceLoader Error: cannot find resource VM_global_library.vm
2018-10-05 16:48:24,418 - Could not load resource 'VM_global_library.vm' from ResourceLoader org.apache.velocity.runtime.resource.loader.ClasspathResourceLoader: ClasspathResourceLoader Error: cannot find resource VM_global_library.vm
2018-10-05 16:48:24,418 - Velocimacro : Default library not found.
2018-10-05 16:48:24,418 - Velocimacro : Default library not found.
2018-10-05 16:48:24,418 - Velocimacro : Default library not found.
2018-10-05 16:48:24,418 - Velocimacro : Default library not found.
2018-10-05 16:48:24,418 - Velocimacro : Default library not found.
2018-10-05 16:48:24,418 - Velocimacro : allowInline = true : VMs can be defined inline in templates
2018-10-05 16:48:24,418 - Velocimacro : allowInline = true : VMs can be defined inline in templates
2018-10-05 16:48:24,418 - Velocimacro : allowInline = true : VMs can be defined inline in templates
2018-10-05 16:48:24,418 - Velocimacro : allowInline = true : VMs can be defined inline in templates
2018-10-05 16:48:24,418 - Velocimacro : allowInline = true : VMs can be defined inline in templates
2018-10-05 16:48:24,418 - Velocimacro : allowInlineToOverride = false : VMs defined inline may NOT replace previous VM definitions
2018-10-05 16:48:24,418 - Velocimacro : allowInlineToOverride = false : VMs defined inline may NOT replace previous VM definitions
2018-10-05 16:48:24,418 - Velocimacro : allowInlineToOverride = false : VMs defined inline may NOT replace previous VM definitions
2018-10-05 16:48:24,418 - Velocimacro : allowInlineToOverride = false : VMs defined inline may NOT replace previous VM definitions
2018-10-05 16:48:24,418 - Velocimacro : allowInlineToOverride = false : VMs defined inline may NOT replace previous VM definitions
2018-10-05 16:48:24,418 - Velocimacro : allowInlineLocal = false : VMs defined inline will be global in scope if allowed.
2018-10-05 16:48:24,418 - Velocimacro : allowInlineLocal = false : VMs defined inline will be global in scope if allowed.
2018-10-05 16:48:24,418 - Velocimacro : allowInlineLocal = false : VMs defined inline will be global in scope if allowed.
2018-10-05 16:48:24,418 - Velocimacro : allowInlineLocal = false : VMs defined inline will be global in scope if allowed.
2018-10-05 16:48:24,418 - Velocimacro : allowInlineLocal = false : VMs defined inline will be global in scope if allowed.
2018-10-05 16:48:24,418 - Velocimacro : autoload off : VM system will not automatically reload global library macros
2018-10-05 16:48:24,418 - Velocimacro : autoload off : VM system will not automatically reload global library macros
2018-10-05 16:48:24,418 - Velocimacro : autoload off : VM system will not automatically reload global library macros
2018-10-05 16:48:24,418 - Velocimacro : autoload off : VM system will not automatically reload global library macros
2018-10-05 16:48:24,418 - Velocimacro : autoload off : VM system will not automatically reload global library macros
2018-10-05 16:48:24,421 - ResourceManager : found email.subject.task.vm with loader org.apache.velocity.runtime.resource.loader.ClasspathResourceLoader
2018-10-05 16:48:24,421 - ResourceManager : found email.subject.task.vm with loader org.apache.velocity.runtime.resource.loader.ClasspathResourceLoader
2018-10-05 16:48:24,421 - ResourceManager : found email.subject.task.vm with loader org.apache.velocity.runtime.resource.loader.ClasspathResourceLoader
2018-10-05 16:48:24,421 - ResourceManager : found email.subject.task.vm with loader org.apache.velocity.runtime.resource.loader.ClasspathResourceLoader
2018-10-05 16:48:24,421 - ResourceManager : found email.subject.task.vm with loader org.apache.velocity.runtime.resource.loader.ClasspathResourceLoader
2018-10-05 16:48:24,431 - Log4JLogChute initialized using file 'velocity.log'
2018-10-05 16:48:24,431 - Log4JLogChute initialized using file 'velocity.log'
2018-10-05 16:48:24,431 - Log4JLogChute initialized using file 'velocity.log'
2018-10-05 16:48:24,431 - Log4JLogChute initialized using file 'velocity.log'
2018-10-05 16:48:24,431 - Log4JLogChute initialized using file 'velocity.log'
2018-10-05 16:48:24,431 - Log4JLogChute initialized using file 'velocity.log'
2018-10-05 16:48:24,432 - Initializing Velocity, Calling init()...
2018-10-05 16:48:24,432 - Initializing Velocity, Calling init()...
2018-10-05 16:48:24,432 - Initializing Velocity, Calling init()...
2018-10-05 16:48:24,432 - Initializing Velocity, Calling init()...
2018-10-05 16:48:24,432 - Initializing Velocity, Calling init()...
2018-10-05 16:48:24,432 - Initializing Velocity, Calling init()...
2018-10-05 16:48:24,432 - Starting Apache Velocity v1.7 (compiled: 2010-11-19 12:14:37)
2018-10-05 16:48:24,432 - Starting Apache Velocity v1.7 (compiled: 2010-11-19 12:14:37)
2018-10-05 16:48:24,432 - Starting Apache Velocity v1.7 (compiled: 2010-11-19 12:14:37)
2018-10-05 16:48:24,432 - Starting Apache Velocity v1.7 (compiled: 2010-11-19 12:14:37)
2018-10-05 16:48:24,432 - Starting Apache Velocity v1.7 (compiled: 2010-11-19 12:14:37)
2018-10-05 16:48:24,432 - Starting Apache Velocity v1.7 (compiled: 2010-11-19 12:14:37)
2018-10-05 16:48:24,432 - Default Properties File: org/apache/velocity/runtime/defaults/velocity.properties
2018-10-05 16:48:24,432 - Default Properties File: org/apache/velocity/runtime/defaults/velocity.properties
2018-10-05 16:48:24,432 - Default Properties File: org/apache/velocity/runtime/defaults/velocity.properties
2018-10-05 16:48:24,432 - Default Properties File: org/apache/velocity/runtime/defaults/velocity.properties
2018-10-05 16:48:24,432 - Default Properties File: org/apache/velocity/runtime/defaults/velocity.properties
2018-10-05 16:48:24,432 - Default Properties File: org/apache/velocity/runtime/defaults/velocity.properties
2018-10-05 16:48:24,433 - Trying to use logger class org.apache.velocity.runtime.log.AvalonLogChute
2018-10-05 16:48:24,433 - Trying to use logger class org.apache.velocity.runtime.log.AvalonLogChute
2018-10-05 16:48:24,433 - Trying to use logger class org.apache.velocity.runtime.log.AvalonLogChute
2018-10-05 16:48:24,433 - Trying to use logger class org.apache.velocity.runtime.log.AvalonLogChute
2018-10-05 16:48:24,433 - Trying to use logger class org.apache.velocity.runtime.log.AvalonLogChute
2018-10-05 16:48:24,433 - Trying to use logger class org.apache.velocity.runtime.log.AvalonLogChute
2018-10-05 16:48:24,433 - Target log system for org.apache.velocity.runtime.log.AvalonLogChute is not available (java.lang.NoClassDefFoundError: org/apache/log/format/Formatter).  Falling back to next log system...
2018-10-05 16:48:24,433 - Target log system for org.apache.velocity.runtime.log.AvalonLogChute is not available (java.lang.NoClassDefFoundError: org/apache/log/format/Formatter).  Falling back to next log system...
2018-10-05 16:48:24,433 - Target log system for org.apache.velocity.runtime.log.AvalonLogChute is not available (java.lang.NoClassDefFoundError: org/apache/log/format/Formatter).  Falling back to next log system...
2018-10-05 16:48:24,433 - Target log system for org.apache.velocity.runtime.log.AvalonLogChute is not available (java.lang.NoClassDefFoundError: org/apache/log/format/Formatter).  Falling back to next log system...
2018-10-05 16:48:24,433 - Target log system for org.apache.velocity.runtime.log.AvalonLogChute is not available (java.lang.NoClassDefFoundError: org/apache/log/format/Formatter).  Falling back to next log system...
2018-10-05 16:48:24,433 - Target log system for org.apache.velocity.runtime.log.AvalonLogChute is not available (java.lang.NoClassDefFoundError: org/apache/log/format/Formatter).  Falling back to next log system...
2018-10-05 16:48:24,433 - Trying to use logger class org.apache.velocity.runtime.log.Log4JLogChute
2018-10-05 16:48:24,433 - Trying to use logger class org.apache.velocity.runtime.log.Log4JLogChute
2018-10-05 16:48:24,433 - Trying to use logger class org.apache.velocity.runtime.log.Log4JLogChute
2018-10-05 16:48:24,433 - Trying to use logger class org.apache.velocity.runtime.log.Log4JLogChute
2018-10-05 16:48:24,433 - Trying to use logger class org.apache.velocity.runtime.log.Log4JLogChute
2018-10-05 16:48:24,433 - Trying to use logger class org.apache.velocity.runtime.log.Log4JLogChute
2018-10-05 16:48:24,434 - Using logger class org.apache.velocity.runtime.log.Log4JLogChute
2018-10-05 16:48:24,434 - Using logger class org.apache.velocity.runtime.log.Log4JLogChute
2018-10-05 16:48:24,434 - Using logger class org.apache.velocity.runtime.log.Log4JLogChute
2018-10-05 16:48:24,434 - Using logger class org.apache.velocity.runtime.log.Log4JLogChute
2018-10-05 16:48:24,434 - Using logger class org.apache.velocity.runtime.log.Log4JLogChute
2018-10-05 16:48:24,434 - Using logger class org.apache.velocity.runtime.log.Log4JLogChute
2018-10-05 16:48:24,435 - ResourceLoader instantiated: org.apache.velocity.runtime.resource.loader.ClasspathResourceLoader
2018-10-05 16:48:24,435 - ResourceLoader instantiated: org.apache.velocity.runtime.resource.loader.ClasspathResourceLoader
2018-10-05 16:48:24,435 - ResourceLoader instantiated: org.apache.velocity.runtime.resource.loader.ClasspathResourceLoader
2018-10-05 16:48:24,435 - ResourceLoader instantiated: org.apache.velocity.runtime.resource.loader.ClasspathResourceLoader
2018-10-05 16:48:24,435 - ResourceLoader instantiated: org.apache.velocity.runtime.resource.loader.ClasspathResourceLoader
2018-10-05 16:48:24,435 - ResourceLoader instantiated: org.apache.velocity.runtime.resource.loader.ClasspathResourceLoader
2018-10-05 16:48:24,436 - ResourceCache: initialized (class org.apache.velocity.runtime.resource.ResourceCacheImpl) with class java.util.Collections$SynchronizedMap cache map.
2018-10-05 16:48:24,436 - ResourceCache: initialized (class org.apache.velocity.runtime.resource.ResourceCacheImpl) with class java.util.Collections$SynchronizedMap cache map.
2018-10-05 16:48:24,436 - ResourceCache: initialized (class org.apache.velocity.runtime.resource.ResourceCacheImpl) with class java.util.Collections$SynchronizedMap cache map.
2018-10-05 16:48:24,436 - ResourceCache: initialized (class org.apache.velocity.runtime.resource.ResourceCacheImpl) with class java.util.Collections$SynchronizedMap cache map.
2018-10-05 16:48:24,436 - ResourceCache: initialized (class org.apache.velocity.runtime.resource.ResourceCacheImpl) with class java.util.Collections$SynchronizedMap cache map.
2018-10-05 16:48:24,436 - ResourceCache: initialized (class org.apache.velocity.runtime.resource.ResourceCacheImpl) with class java.util.Collections$SynchronizedMap cache map.
2018-10-05 16:48:24,436 - Loaded System Directive: org.apache.velocity.runtime.directive.Stop
2018-10-05 16:48:24,436 - Loaded System Directive: org.apache.velocity.runtime.directive.Stop
2018-10-05 16:48:24,436 - Loaded System Directive: org.apache.velocity.runtime.directive.Stop
2018-10-05 16:48:24,436 - Loaded System Directive: org.apache.velocity.runtime.directive.Stop
2018-10-05 16:48:24,436 - Loaded System Directive: org.apache.velocity.runtime.directive.Stop
2018-10-05 16:48:24,436 - Loaded System Directive: org.apache.velocity.runtime.directive.Stop
2018-10-05 16:48:24,436 - Loaded System Directive: org.apache.velocity.runtime.directive.Define
2018-10-05 16:48:24,436 - Loaded System Directive: org.apache.velocity.runtime.directive.Define
2018-10-05 16:48:24,436 - Loaded System Directive: org.apache.velocity.runtime.directive.Define
2018-10-05 16:48:24,436 - Loaded System Directive: org.apache.velocity.runtime.directive.Define
2018-10-05 16:48:24,436 - Loaded System Directive: org.apache.velocity.runtime.directive.Define
2018-10-05 16:48:24,436 - Loaded System Directive: org.apache.velocity.runtime.directive.Define
2018-10-05 16:48:24,436 - Loaded System Directive: org.apache.velocity.runtime.directive.Break
2018-10-05 16:48:24,436 - Loaded System Directive: org.apache.velocity.runtime.directive.Break
2018-10-05 16:48:24,436 - Loaded System Directive: org.apache.velocity.runtime.directive.Break
2018-10-05 16:48:24,436 - Loaded System Directive: org.apache.velocity.runtime.directive.Break
2018-10-05 16:48:24,436 - Loaded System Directive: org.apache.velocity.runtime.directive.Break
2018-10-05 16:48:24,436 - Loaded System Directive: org.apache.velocity.runtime.directive.Break
2018-10-05 16:48:24,436 - Loaded System Directive: org.apache.velocity.runtime.directive.Evaluate
2018-10-05 16:48:24,436 - Loaded System Directive: org.apache.velocity.runtime.directive.Evaluate
2018-10-05 16:48:24,436 - Loaded System Directive: org.apache.velocity.runtime.directive.Evaluate
2018-10-05 16:48:24,436 - Loaded System Directive: org.apache.velocity.runtime.directive.Evaluate
2018-10-05 16:48:24,436 - Loaded System Directive: org.apache.velocity.runtime.directive.Evaluate
2018-10-05 16:48:24,436 - Loaded System Directive: org.apache.velocity.runtime.directive.Evaluate
2018-10-05 16:48:24,437 - Loaded System Directive: org.apache.velocity.runtime.directive.Literal
2018-10-05 16:48:24,437 - Loaded System Directive: org.apache.velocity.runtime.directive.Literal
2018-10-05 16:48:24,437 - Loaded System Directive: org.apache.velocity.runtime.directive.Literal
2018-10-05 16:48:24,437 - Loaded System Directive: org.apache.velocity.runtime.directive.Literal
2018-10-05 16:48:24,437 - Loaded System Directive: org.apache.velocity.runtime.directive.Literal
2018-10-05 16:48:24,437 - Loaded System Directive: org.apache.velocity.runtime.directive.Literal
2018-10-05 16:48:24,437 - Loaded System Directive: org.apache.velocity.runtime.directive.Macro
2018-10-05 16:48:24,437 - Loaded System Directive: org.apache.velocity.runtime.directive.Macro
2018-10-05 16:48:24,437 - Loaded System Directive: org.apache.velocity.runtime.directive.Macro
2018-10-05 16:48:24,437 - Loaded System Directive: org.apache.velocity.runtime.directive.Macro
2018-10-05 16:48:24,437 - Loaded System Directive: org.apache.velocity.runtime.directive.Macro
2018-10-05 16:48:24,437 - Loaded System Directive: org.apache.velocity.runtime.directive.Macro
2018-10-05 16:48:24,437 - Loaded System Directive: org.apache.velocity.runtime.directive.Parse
2018-10-05 16:48:24,437 - Loaded System Directive: org.apache.velocity.runtime.directive.Parse
2018-10-05 16:48:24,437 - Loaded System Directive: org.apache.velocity.runtime.directive.Parse
2018-10-05 16:48:24,437 - Loaded System Directive: org.apache.velocity.runtime.directive.Parse
2018-10-05 16:48:24,437 - Loaded System Directive: org.apache.velocity.runtime.directive.Parse
2018-10-05 16:48:24,437 - Loaded System Directive: org.apache.velocity.runtime.directive.Parse
2018-10-05 16:48:24,437 - Loaded System Directive: org.apache.velocity.runtime.directive.Include
2018-10-05 16:48:24,437 - Loaded System Directive: org.apache.velocity.runtime.directive.Include
2018-10-05 16:48:24,437 - Loaded System Directive: org.apache.velocity.runtime.directive.Include
2018-10-05 16:48:24,437 - Loaded System Directive: org.apache.velocity.runtime.directive.Include
2018-10-05 16:48:24,437 - Loaded System Directive: org.apache.velocity.runtime.directive.Include
2018-10-05 16:48:24,437 - Loaded System Directive: org.apache.velocity.runtime.directive.Include
2018-10-05 16:48:24,437 - Loaded System Directive: org.apache.velocity.runtime.directive.Foreach
2018-10-05 16:48:24,437 - Loaded System Directive: org.apache.velocity.runtime.directive.Foreach
2018-10-05 16:48:24,437 - Loaded System Directive: org.apache.velocity.runtime.directive.Foreach
2018-10-05 16:48:24,437 - Loaded System Directive: org.apache.velocity.runtime.directive.Foreach
2018-10-05 16:48:24,437 - Loaded System Directive: org.apache.velocity.runtime.directive.Foreach
2018-10-05 16:48:24,437 - Loaded System Directive: org.apache.velocity.runtime.directive.Foreach
2018-10-05 16:48:24,447 - Created '20' parsers.
2018-10-05 16:48:24,447 - Created '20' parsers.
2018-10-05 16:48:24,447 - Created '20' parsers.
2018-10-05 16:48:24,447 - Created '20' parsers.
2018-10-05 16:48:24,447 - Created '20' parsers.
2018-10-05 16:48:24,447 - Created '20' parsers.
2018-10-05 16:48:24,447 - Velocimacro : "velocimacro.library" is not set.  Trying default library: VM_global_library.vm
2018-10-05 16:48:24,447 - Velocimacro : "velocimacro.library" is not set.  Trying default library: VM_global_library.vm
2018-10-05 16:48:24,447 - Velocimacro : "velocimacro.library" is not set.  Trying default library: VM_global_library.vm
2018-10-05 16:48:24,447 - Velocimacro : "velocimacro.library" is not set.  Trying default library: VM_global_library.vm
2018-10-05 16:48:24,447 - Velocimacro : "velocimacro.library" is not set.  Trying default library: VM_global_library.vm
2018-10-05 16:48:24,447 - Velocimacro : "velocimacro.library" is not set.  Trying default library: VM_global_library.vm
2018-10-05 16:48:24,449 - Could not load resource 'VM_global_library.vm' from ResourceLoader org.apache.velocity.runtime.resource.loader.ClasspathResourceLoader: ClasspathResourceLoader Error: cannot find resource VM_global_library.vm
2018-10-05 16:48:24,449 - Could not load resource 'VM_global_library.vm' from ResourceLoader org.apache.velocity.runtime.resource.loader.ClasspathResourceLoader: ClasspathResourceLoader Error: cannot find resource VM_global_library.vm
2018-10-05 16:48:24,449 - Could not load resource 'VM_global_library.vm' from ResourceLoader org.apache.velocity.runtime.resource.loader.ClasspathResourceLoader: ClasspathResourceLoader Error: cannot find resource VM_global_library.vm
2018-10-05 16:48:24,449 - Could not load resource 'VM_global_library.vm' from ResourceLoader org.apache.velocity.runtime.resource.loader.ClasspathResourceLoader: ClasspathResourceLoader Error: cannot find resource VM_global_library.vm
2018-10-05 16:48:24,449 - Could not load resource 'VM_global_library.vm' from ResourceLoader org.apache.velocity.runtime.resource.loader.ClasspathResourceLoader: ClasspathResourceLoader Error: cannot find resource VM_global_library.vm
2018-10-05 16:48:24,449 - Could not load resource 'VM_global_library.vm' from ResourceLoader org.apache.velocity.runtime.resource.loader.ClasspathResourceLoader: ClasspathResourceLoader Error: cannot find resource VM_global_library.vm
2018-10-05 16:48:24,449 - Velocimacro : Default library not found.
2018-10-05 16:48:24,449 - Velocimacro : Default library not found.
2018-10-05 16:48:24,449 - Velocimacro : Default library not found.
2018-10-05 16:48:24,449 - Velocimacro : Default library not found.
2018-10-05 16:48:24,449 - Velocimacro : Default library not found.
2018-10-05 16:48:24,449 - Velocimacro : Default library not found.
2018-10-05 16:48:24,449 - Velocimacro : allowInline = true : VMs can be defined inline in templates
2018-10-05 16:48:24,449 - Velocimacro : allowInline = true : VMs can be defined inline in templates
2018-10-05 16:48:24,449 - Velocimacro : allowInline = true : VMs can be defined inline in templates
2018-10-05 16:48:24,449 - Velocimacro : allowInline = true : VMs can be defined inline in templates
2018-10-05 16:48:24,449 - Velocimacro : allowInline = true : VMs can be defined inline in templates
2018-10-05 16:48:24,449 - Velocimacro : allowInline = true : VMs can be defined inline in templates
2018-10-05 16:48:24,449 - Velocimacro : allowInlineToOverride = false : VMs defined inline may NOT replace previous VM definitions
2018-10-05 16:48:24,449 - Velocimacro : allowInlineToOverride = false : VMs defined inline may NOT replace previous VM definitions
2018-10-05 16:48:24,449 - Velocimacro : allowInlineToOverride = false : VMs defined inline may NOT replace previous VM definitions
2018-10-05 16:48:24,449 - Velocimacro : allowInlineToOverride = false : VMs defined inline may NOT replace previous VM definitions
2018-10-05 16:48:24,449 - Velocimacro : allowInlineToOverride = false : VMs defined inline may NOT replace previous VM definitions
2018-10-05 16:48:24,449 - Velocimacro : allowInlineToOverride = false : VMs defined inline may NOT replace previous VM definitions
2018-10-05 16:48:24,450 - Velocimacro : allowInlineLocal = false : VMs defined inline will be global in scope if allowed.
2018-10-05 16:48:24,450 - Velocimacro : allowInlineLocal = false : VMs defined inline will be global in scope if allowed.
2018-10-05 16:48:24,450 - Velocimacro : allowInlineLocal = false : VMs defined inline will be global in scope if allowed.
2018-10-05 16:48:24,450 - Velocimacro : allowInlineLocal = false : VMs defined inline will be global in scope if allowed.
2018-10-05 16:48:24,450 - Velocimacro : allowInlineLocal = false : VMs defined inline will be global in scope if allowed.
2018-10-05 16:48:24,450 - Velocimacro : allowInlineLocal = false : VMs defined inline will be global in scope if allowed.
2018-10-05 16:48:24,450 - Velocimacro : autoload off : VM system will not automatically reload global library macros
2018-10-05 16:48:24,450 - Velocimacro : autoload off : VM system will not automatically reload global library macros
2018-10-05 16:48:24,450 - Velocimacro : autoload off : VM system will not automatically reload global library macros
2018-10-05 16:48:24,450 - Velocimacro : autoload off : VM system will not automatically reload global library macros
2018-10-05 16:48:24,450 - Velocimacro : autoload off : VM system will not automatically reload global library macros
2018-10-05 16:48:24,450 - Velocimacro : autoload off : VM system will not automatically reload global library macros
2018-10-05 16:48:24,452 - ResourceManager : found email.task.vm with loader org.apache.velocity.runtime.resource.loader.ClasspathResourceLoader
2018-10-05 16:48:24,452 - ResourceManager : found email.task.vm with loader org.apache.velocity.runtime.resource.loader.ClasspathResourceLoader
2018-10-05 16:48:24,452 - ResourceManager : found email.task.vm with loader org.apache.velocity.runtime.resource.loader.ClasspathResourceLoader
2018-10-05 16:48:24,452 - ResourceManager : found email.task.vm with loader org.apache.velocity.runtime.resource.loader.ClasspathResourceLoader
2018-10-05 16:48:24,452 - ResourceManager : found email.task.vm with loader org.apache.velocity.runtime.resource.loader.ClasspathResourceLoader
2018-10-05 16:48:24,452 - ResourceManager : found email.task.vm with loader org.apache.velocity.runtime.resource.loader.ClasspathResourceLoader
2018-12-02 14:49:22,948 - Log4JLogChute initialized using file 'velocity.log'
2018-12-02 14:49:22,952 - Initializing Velocity, Calling init()...
2018-12-02 14:49:22,952 - Starting Apache Velocity v1.7 (compiled: 2010-11-19 12:14:37)
2018-12-02 14:49:22,952 - Default Properties File: org/apache/velocity/runtime/defaults/velocity.properties
2018-12-02 14:49:22,952 - Trying to use logger class org.apache.velocity.runtime.log.AvalonLogChute
2018-12-02 14:49:22,952 - Target log system for org.apache.velocity.runtime.log.AvalonLogChute is not available (java.lang.NoClassDefFoundError: org/apache/log/format/Formatter).  Falling back to next log system...
2018-12-02 14:49:22,952 - Trying to use logger class org.apache.velocity.runtime.log.Log4JLogChute
2018-12-02 14:49:22,952 - Using logger class org.apache.velocity.runtime.log.Log4JLogChute
2018-12-02 14:49:23,033 - ResourceLoader instantiated: org.apache.velocity.runtime.resource.loader.ClasspathResourceLoader
2018-12-02 14:49:23,182 - ResourceCache: initialized (class org.apache.velocity.runtime.resource.ResourceCacheImpl) with class java.util.Collections$SynchronizedMap cache map.
2018-12-02 14:49:23,202 - Loaded System Directive: org.apache.velocity.runtime.directive.Stop
2018-12-02 14:49:23,212 - Loaded System Directive: org.apache.velocity.runtime.directive.Define
2018-12-02 14:49:23,216 - Loaded System Directive: org.apache.velocity.runtime.directive.Break
2018-12-02 14:49:23,220 - Loaded System Directive: org.apache.velocity.runtime.directive.Evaluate
2018-12-02 14:49:23,224 - Loaded System Directive: org.apache.velocity.runtime.directive.Literal
2018-12-02 14:49:23,239 - Loaded System Directive: org.apache.velocity.runtime.directive.Macro
2018-12-02 14:49:23,248 - Loaded System Directive: org.apache.velocity.runtime.directive.Parse
2018-12-02 14:49:23,265 - Loaded System Directive: org.apache.velocity.runtime.directive.Include
2018-12-02 14:49:23,277 - Loaded System Directive: org.apache.velocity.runtime.directive.Foreach
2018-12-02 14:49:23,685 - Created '20' parsers.
2018-12-02 14:49:23,724 - Velocimacro : "velocimacro.library" is not set.  Trying default library: VM_global_library.vm
2018-12-02 14:49:23,741 - Could not load resource 'VM_global_library.vm' from ResourceLoader org.apache.velocity.runtime.resource.loader.ClasspathResourceLoader: ClasspathResourceLoader Error: cannot find resource VM_global_library.vm
2018-12-02 14:49:23,741 - Velocimacro : Default library not found.
2018-12-02 14:49:23,741 - Velocimacro : allowInline = true : VMs can be defined inline in templates
2018-12-02 14:49:23,741 - Velocimacro : allowInlineToOverride = false : VMs defined inline may NOT replace previous VM definitions
2018-12-02 14:49:23,741 - Velocimacro : allowInlineLocal = false : VMs defined inline will be global in scope if allowed.
2018-12-02 14:49:23,741 - Velocimacro : autoload off : VM system will not automatically reload global library macros
2018-12-02 14:49:23,814 - ResourceManager : found email.subject.liabletask.vm with loader org.apache.velocity.runtime.resource.loader.ClasspathResourceLoader
2018-12-02 14:49:24,083 - Log4JLogChute initialized using file 'velocity.log'
2018-12-02 14:49:24,083 - Log4JLogChute initialized using file 'velocity.log'
2018-12-02 14:49:24,092 - Initializing Velocity, Calling init()...
2018-12-02 14:49:24,092 - Initializing Velocity, Calling init()...
2018-12-02 14:49:24,092 - Starting Apache Velocity v1.7 (compiled: 2010-11-19 12:14:37)
2018-12-02 14:49:24,092 - Starting Apache Velocity v1.7 (compiled: 2010-11-19 12:14:37)
2018-12-02 14:49:24,092 - Default Properties File: org/apache/velocity/runtime/defaults/velocity.properties
2018-12-02 14:49:24,092 - Default Properties File: org/apache/velocity/runtime/defaults/velocity.properties
2018-12-02 14:49:24,092 - Trying to use logger class org.apache.velocity.runtime.log.AvalonLogChute
2018-12-02 14:49:24,092 - Trying to use logger class org.apache.velocity.runtime.log.AvalonLogChute
2018-12-02 14:49:24,092 - Target log system for org.apache.velocity.runtime.log.AvalonLogChute is not available (java.lang.NoClassDefFoundError: org/apache/log/format/Formatter).  Falling back to next log system...
2018-12-02 14:49:24,092 - Target log system for org.apache.velocity.runtime.log.AvalonLogChute is not available (java.lang.NoClassDefFoundError: org/apache/log/format/Formatter).  Falling back to next log system...
2018-12-02 14:49:24,092 - Trying to use logger class org.apache.velocity.runtime.log.Log4JLogChute
2018-12-02 14:49:24,092 - Trying to use logger class org.apache.velocity.runtime.log.Log4JLogChute
2018-12-02 14:49:24,092 - Using logger class org.apache.velocity.runtime.log.Log4JLogChute
2018-12-02 14:49:24,092 - Using logger class org.apache.velocity.runtime.log.Log4JLogChute
2018-12-02 14:49:24,092 - ResourceLoader instantiated: org.apache.velocity.runtime.resource.loader.ClasspathResourceLoader
2018-12-02 14:49:24,092 - ResourceLoader instantiated: org.apache.velocity.runtime.resource.loader.ClasspathResourceLoader
2018-12-02 14:49:24,093 - ResourceCache: initialized (class org.apache.velocity.runtime.resource.ResourceCacheImpl) with class java.util.Collections$SynchronizedMap cache map.
2018-12-02 14:49:24,093 - ResourceCache: initialized (class org.apache.velocity.runtime.resource.ResourceCacheImpl) with class java.util.Collections$SynchronizedMap cache map.
2018-12-02 14:49:24,113 - Loaded System Directive: org.apache.velocity.runtime.directive.Stop
2018-12-02 14:49:24,113 - Loaded System Directive: org.apache.velocity.runtime.directive.Stop
2018-12-02 14:49:24,124 - Loaded System Directive: org.apache.velocity.runtime.directive.Define
2018-12-02 14:49:24,124 - Loaded System Directive: org.apache.velocity.runtime.directive.Define
2018-12-02 14:49:24,124 - Loaded System Directive: org.apache.velocity.runtime.directive.Break
2018-12-02 14:49:24,124 - Loaded System Directive: org.apache.velocity.runtime.directive.Break
2018-12-02 14:49:24,125 - Loaded System Directive: org.apache.velocity.runtime.directive.Evaluate
2018-12-02 14:49:24,125 - Loaded System Directive: org.apache.velocity.runtime.directive.Evaluate
2018-12-02 14:49:24,125 - Loaded System Directive: org.apache.velocity.runtime.directive.Literal
2018-12-02 14:49:24,125 - Loaded System Directive: org.apache.velocity.runtime.directive.Literal
2018-12-02 14:49:24,154 - Loaded System Directive: org.apache.velocity.runtime.directive.Macro
2018-12-02 14:49:24,154 - Loaded System Directive: org.apache.velocity.runtime.directive.Macro
2018-12-02 14:49:24,154 - Loaded System Directive: org.apache.velocity.runtime.directive.Parse
2018-12-02 14:49:24,154 - Loaded System Directive: org.apache.velocity.runtime.directive.Parse
2018-12-02 14:49:24,249 - Loaded System Directive: org.apache.velocity.runtime.directive.Include
2018-12-02 14:49:24,249 - Loaded System Directive: org.apache.velocity.runtime.directive.Include
2018-12-02 14:49:24,249 - Loaded System Directive: org.apache.velocity.runtime.directive.Foreach
2018-12-02 14:49:24,249 - Loaded System Directive: org.apache.velocity.runtime.directive.Foreach
2018-12-02 14:49:26,240 - Created '20' parsers.
2018-12-02 14:49:26,240 - Created '20' parsers.
2018-12-02 14:49:26,241 - Velocimacro : "velocimacro.library" is not set.  Trying default library: VM_global_library.vm
2018-12-02 14:49:26,241 - Velocimacro : "velocimacro.library" is not set.  Trying default library: VM_global_library.vm
2018-12-02 14:49:26,279 - Could not load resource 'VM_global_library.vm' from ResourceLoader org.apache.velocity.runtime.resource.loader.ClasspathResourceLoader: ClasspathResourceLoader Error: cannot find resource VM_global_library.vm
2018-12-02 14:49:26,279 - Could not load resource 'VM_global_library.vm' from ResourceLoader org.apache.velocity.runtime.resource.loader.ClasspathResourceLoader: ClasspathResourceLoader Error: cannot find resource VM_global_library.vm
2018-12-02 14:49:26,279 - Velocimacro : Default library not found.
2018-12-02 14:49:26,279 - Velocimacro : Default library not found.
2018-12-02 14:49:26,279 - Velocimacro : allowInline = true : VMs can be defined inline in templates
2018-12-02 14:49:26,279 - Velocimacro : allowInline = true : VMs can be defined inline in templates
2018-12-02 14:49:26,279 - Velocimacro : allowInlineToOverride = false : VMs defined inline may NOT replace previous VM definitions
2018-12-02 14:49:26,279 - Velocimacro : allowInlineToOverride = false : VMs defined inline may NOT replace previous VM definitions
2018-12-02 14:49:26,279 - Velocimacro : allowInlineLocal = false : VMs defined inline will be global in scope if allowed.
2018-12-02 14:49:26,279 - Velocimacro : allowInlineLocal = false : VMs defined inline will be global in scope if allowed.
2018-12-02 14:49:26,280 - Velocimacro : autoload off : VM system will not automatically reload global library macros
2018-12-02 14:49:26,280 - Velocimacro : autoload off : VM system will not automatically reload global library macros
2018-12-02 14:49:26,287 - ResourceManager : found email.liabletask.vm with loader org.apache.velocity.runtime.resource.loader.ClasspathResourceLoader
2018-12-02 14:49:26,287 - ResourceManager : found email.liabletask.vm with loader org.apache.velocity.runtime.resource.loader.ClasspathResourceLoader
2018-12-02 16:40:20,861 - Log4JLogChute initialized using file 'velocity.log'
2018-12-02 16:40:20,861 - Log4JLogChute initialized using file 'velocity.log'
2018-12-02 16:40:20,861 - Log4JLogChute initialized using file 'velocity.log'
2018-12-02 16:40:20,865 - Initializing Velocity, Calling init()...
2018-12-02 16:40:20,865 - Initializing Velocity, Calling init()...
2018-12-02 16:40:20,865 - Initializing Velocity, Calling init()...
2018-12-02 16:40:20,865 - Starting Apache Velocity v1.7 (compiled: 2010-11-19 12:14:37)
2018-12-02 16:40:20,865 - Starting Apache Velocity v1.7 (compiled: 2010-11-19 12:14:37)
2018-12-02 16:40:20,865 - Starting Apache Velocity v1.7 (compiled: 2010-11-19 12:14:37)
2018-12-02 16:40:20,867 - Default Properties File: org/apache/velocity/runtime/defaults/velocity.properties
2018-12-02 16:40:20,867 - Default Properties File: org/apache/velocity/runtime/defaults/velocity.properties
2018-12-02 16:40:20,867 - Default Properties File: org/apache/velocity/runtime/defaults/velocity.properties
2018-12-02 16:40:20,868 - Trying to use logger class org.apache.velocity.runtime.log.AvalonLogChute
2018-12-02 16:40:20,868 - Trying to use logger class org.apache.velocity.runtime.log.AvalonLogChute
2018-12-02 16:40:20,868 - Trying to use logger class org.apache.velocity.runtime.log.AvalonLogChute
2018-12-02 16:40:20,868 - Target log system for org.apache.velocity.runtime.log.AvalonLogChute is not available (java.lang.NoClassDefFoundError: org/apache/log/format/Formatter).  Falling back to next log system...
2018-12-02 16:40:20,868 - Target log system for org.apache.velocity.runtime.log.AvalonLogChute is not available (java.lang.NoClassDefFoundError: org/apache/log/format/Formatter).  Falling back to next log system...
2018-12-02 16:40:20,868 - Target log system for org.apache.velocity.runtime.log.AvalonLogChute is not available (java.lang.NoClassDefFoundError: org/apache/log/format/Formatter).  Falling back to next log system...
2018-12-02 16:40:20,870 - Trying to use logger class org.apache.velocity.runtime.log.Log4JLogChute
2018-12-02 16:40:20,870 - Trying to use logger class org.apache.velocity.runtime.log.Log4JLogChute
2018-12-02 16:40:20,870 - Trying to use logger class org.apache.velocity.runtime.log.Log4JLogChute
2018-12-02 16:40:20,871 - Using logger class org.apache.velocity.runtime.log.Log4JLogChute
2018-12-02 16:40:20,871 - Using logger class org.apache.velocity.runtime.log.Log4JLogChute
2018-12-02 16:40:20,871 - Using logger class org.apache.velocity.runtime.log.Log4JLogChute
2018-12-02 16:40:20,872 - ResourceLoader instantiated: org.apache.velocity.runtime.resource.loader.ClasspathResourceLoader
2018-12-02 16:40:20,872 - ResourceLoader instantiated: org.apache.velocity.runtime.resource.loader.ClasspathResourceLoader
2018-12-02 16:40:20,872 - ResourceLoader instantiated: org.apache.velocity.runtime.resource.loader.ClasspathResourceLoader
2018-12-02 16:40:20,877 - ResourceCache: initialized (class org.apache.velocity.runtime.resource.ResourceCacheImpl) with class java.util.Collections$SynchronizedMap cache map.
2018-12-02 16:40:20,877 - ResourceCache: initialized (class org.apache.velocity.runtime.resource.ResourceCacheImpl) with class java.util.Collections$SynchronizedMap cache map.
2018-12-02 16:40:20,877 - ResourceCache: initialized (class org.apache.velocity.runtime.resource.ResourceCacheImpl) with class java.util.Collections$SynchronizedMap cache map.
2018-12-02 16:40:20,888 - Loaded System Directive: org.apache.velocity.runtime.directive.Stop
2018-12-02 16:40:20,888 - Loaded System Directive: org.apache.velocity.runtime.directive.Stop
2018-12-02 16:40:20,888 - Loaded System Directive: org.apache.velocity.runtime.directive.Stop
2018-12-02 16:40:20,891 - Loaded System Directive: org.apache.velocity.runtime.directive.Define
2018-12-02 16:40:20,891 - Loaded System Directive: org.apache.velocity.runtime.directive.Define
2018-12-02 16:40:20,891 - Loaded System Directive: org.apache.velocity.runtime.directive.Define
2018-12-02 16:40:20,894 - Loaded System Directive: org.apache.velocity.runtime.directive.Break
2018-12-02 16:40:20,894 - Loaded System Directive: org.apache.velocity.runtime.directive.Break
2018-12-02 16:40:20,894 - Loaded System Directive: org.apache.velocity.runtime.directive.Break
2018-12-02 16:40:20,895 - Loaded System Directive: org.apache.velocity.runtime.directive.Evaluate
2018-12-02 16:40:20,895 - Loaded System Directive: org.apache.velocity.runtime.directive.Evaluate
2018-12-02 16:40:20,895 - Loaded System Directive: org.apache.velocity.runtime.directive.Evaluate
2018-12-02 16:40:20,895 - Loaded System Directive: org.apache.velocity.runtime.directive.Literal
2018-12-02 16:40:20,895 - Loaded System Directive: org.apache.velocity.runtime.directive.Literal
2018-12-02 16:40:20,895 - Loaded System Directive: org.apache.velocity.runtime.directive.Literal
2018-12-02 16:40:20,898 - Loaded System Directive: org.apache.velocity.runtime.directive.Macro
2018-12-02 16:40:20,898 - Loaded System Directive: org.apache.velocity.runtime.directive.Macro
2018-12-02 16:40:20,898 - Loaded System Directive: org.apache.velocity.runtime.directive.Macro
2018-12-02 16:40:20,898 - Loaded System Directive: org.apache.velocity.runtime.directive.Parse
2018-12-02 16:40:20,898 - Loaded System Directive: org.apache.velocity.runtime.directive.Parse
2018-12-02 16:40:20,898 - Loaded System Directive: org.apache.velocity.runtime.directive.Parse
2018-12-02 16:40:20,900 - Loaded System Directive: org.apache.velocity.runtime.directive.Include
2018-12-02 16:40:20,900 - Loaded System Directive: org.apache.velocity.runtime.directive.Include
2018-12-02 16:40:20,900 - Loaded System Directive: org.apache.velocity.runtime.directive.Include
2018-12-02 16:40:20,900 - Loaded System Directive: org.apache.velocity.runtime.directive.Foreach
2018-12-02 16:40:20,900 - Loaded System Directive: org.apache.velocity.runtime.directive.Foreach
2018-12-02 16:40:20,900 - Loaded System Directive: org.apache.velocity.runtime.directive.Foreach
2018-12-02 16:40:21,248 - Created '20' parsers.
2018-12-02 16:40:21,248 - Created '20' parsers.
2018-12-02 16:40:21,248 - Created '20' parsers.
2018-12-02 16:40:21,249 - Velocimacro : "velocimacro.library" is not set.  Trying default library: VM_global_library.vm
2018-12-02 16:40:21,249 - Velocimacro : "velocimacro.library" is not set.  Trying default library: VM_global_library.vm
2018-12-02 16:40:21,249 - Velocimacro : "velocimacro.library" is not set.  Trying default library: VM_global_library.vm
2018-12-02 16:40:21,272 - Could not load resource 'VM_global_library.vm' from ResourceLoader org.apache.velocity.runtime.resource.loader.ClasspathResourceLoader: ClasspathResourceLoader Error: cannot find resource VM_global_library.vm
2018-12-02 16:40:21,272 - Could not load resource 'VM_global_library.vm' from ResourceLoader org.apache.velocity.runtime.resource.loader.ClasspathResourceLoader: ClasspathResourceLoader Error: cannot find resource VM_global_library.vm
2018-12-02 16:40:21,272 - Could not load resource 'VM_global_library.vm' from ResourceLoader org.apache.velocity.runtime.resource.loader.ClasspathResourceLoader: ClasspathResourceLoader Error: cannot find resource VM_global_library.vm
2018-12-02 16:40:21,274 - Velocimacro : Default library not found.
2018-12-02 16:40:21,274 - Velocimacro : Default library not found.
2018-12-02 16:40:21,274 - Velocimacro : Default library not found.
2018-12-02 16:40:21,275 - Velocimacro : allowInline = true : VMs can be defined inline in templates
2018-12-02 16:40:21,275 - Velocimacro : allowInline = true : VMs can be defined inline in templates
2018-12-02 16:40:21,275 - Velocimacro : allowInline = true : VMs can be defined inline in templates
2018-12-02 16:40:21,275 - Velocimacro : allowInlineToOverride = false : VMs defined inline may NOT replace previous VM definitions
2018-12-02 16:40:21,275 - Velocimacro : allowInlineToOverride = false : VMs defined inline may NOT replace previous VM definitions
2018-12-02 16:40:21,275 - Velocimacro : allowInlineToOverride = false : VMs defined inline may NOT replace previous VM definitions
2018-12-02 16:40:21,275 - Velocimacro : allowInlineLocal = false : VMs defined inline will be global in scope if allowed.
2018-12-02 16:40:21,275 - Velocimacro : allowInlineLocal = false : VMs defined inline will be global in scope if allowed.
2018-12-02 16:40:21,275 - Velocimacro : allowInlineLocal = false : VMs defined inline will be global in scope if allowed.
2018-12-02 16:40:21,275 - Velocimacro : autoload off : VM system will not automatically reload global library macros
2018-12-02 16:40:21,275 - Velocimacro : autoload off : VM system will not automatically reload global library macros
2018-12-02 16:40:21,275 - Velocimacro : autoload off : VM system will not automatically reload global library macros
2018-12-02 16:40:21,298 - ResourceManager : found email.subject.task.vm with loader org.apache.velocity.runtime.resource.loader.ClasspathResourceLoader
2018-12-02 16:40:21,298 - ResourceManager : found email.subject.task.vm with loader org.apache.velocity.runtime.resource.loader.ClasspathResourceLoader
2018-12-02 16:40:21,298 - ResourceManager : found email.subject.task.vm with loader org.apache.velocity.runtime.resource.loader.ClasspathResourceLoader
2018-12-02 16:40:21,601 - Log4JLogChute initialized using file 'velocity.log'
2018-12-02 16:40:21,601 - Log4JLogChute initialized using file 'velocity.log'
2018-12-02 16:40:21,601 - Log4JLogChute initialized using file 'velocity.log'
2018-12-02 16:40:21,601 - Log4JLogChute initialized using file 'velocity.log'
2018-12-02 16:40:21,602 - Initializing Velocity, Calling init()...
2018-12-02 16:40:21,602 - Initializing Velocity, Calling init()...
2018-12-02 16:40:21,602 - Initializing Velocity, Calling init()...
2018-12-02 16:40:21,602 - Initializing Velocity, Calling init()...
2018-12-02 16:40:21,602 - Starting Apache Velocity v1.7 (compiled: 2010-11-19 12:14:37)
2018-12-02 16:40:21,602 - Starting Apache Velocity v1.7 (compiled: 2010-11-19 12:14:37)
2018-12-02 16:40:21,602 - Starting Apache Velocity v1.7 (compiled: 2010-11-19 12:14:37)
2018-12-02 16:40:21,602 - Starting Apache Velocity v1.7 (compiled: 2010-11-19 12:14:37)
2018-12-02 16:40:21,603 - Default Properties File: org/apache/velocity/runtime/defaults/velocity.properties
2018-12-02 16:40:21,603 - Default Properties File: org/apache/velocity/runtime/defaults/velocity.properties
2018-12-02 16:40:21,603 - Default Properties File: org/apache/velocity/runtime/defaults/velocity.properties
2018-12-02 16:40:21,603 - Default Properties File: org/apache/velocity/runtime/defaults/velocity.properties
2018-12-02 16:40:21,604 - Trying to use logger class org.apache.velocity.runtime.log.AvalonLogChute
2018-12-02 16:40:21,604 - Trying to use logger class org.apache.velocity.runtime.log.AvalonLogChute
2018-12-02 16:40:21,604 - Trying to use logger class org.apache.velocity.runtime.log.AvalonLogChute
2018-12-02 16:40:21,604 - Trying to use logger class org.apache.velocity.runtime.log.AvalonLogChute
2018-12-02 16:40:21,605 - Target log system for org.apache.velocity.runtime.log.AvalonLogChute is not available (java.lang.NoClassDefFoundError: org/apache/log/format/Formatter).  Falling back to next log system...
2018-12-02 16:40:21,605 - Target log system for org.apache.velocity.runtime.log.AvalonLogChute is not available (java.lang.NoClassDefFoundError: org/apache/log/format/Formatter).  Falling back to next log system...
2018-12-02 16:40:21,605 - Target log system for org.apache.velocity.runtime.log.AvalonLogChute is not available (java.lang.NoClassDefFoundError: org/apache/log/format/Formatter).  Falling back to next log system...
2018-12-02 16:40:21,605 - Target log system for org.apache.velocity.runtime.log.AvalonLogChute is not available (java.lang.NoClassDefFoundError: org/apache/log/format/Formatter).  Falling back to next log system...
2018-12-02 16:40:21,605 - Trying to use logger class org.apache.velocity.runtime.log.Log4JLogChute
2018-12-02 16:40:21,605 - Trying to use logger class org.apache.velocity.runtime.log.Log4JLogChute
2018-12-02 16:40:21,605 - Trying to use logger class org.apache.velocity.runtime.log.Log4JLogChute
2018-12-02 16:40:21,605 - Trying to use logger class org.apache.velocity.runtime.log.Log4JLogChute
2018-12-02 16:40:21,605 - Using logger class org.apache.velocity.runtime.log.Log4JLogChute
2018-12-02 16:40:21,605 - Using logger class org.apache.velocity.runtime.log.Log4JLogChute
2018-12-02 16:40:21,605 - Using logger class org.apache.velocity.runtime.log.Log4JLogChute
2018-12-02 16:40:21,605 - Using logger class org.apache.velocity.runtime.log.Log4JLogChute
2018-12-02 16:40:21,606 - ResourceLoader instantiated: org.apache.velocity.runtime.resource.loader.ClasspathResourceLoader
2018-12-02 16:40:21,606 - ResourceLoader instantiated: org.apache.velocity.runtime.resource.loader.ClasspathResourceLoader
2018-12-02 16:40:21,606 - ResourceLoader instantiated: org.apache.velocity.runtime.resource.loader.ClasspathResourceLoader
2018-12-02 16:40:21,606 - ResourceLoader instantiated: org.apache.velocity.runtime.resource.loader.ClasspathResourceLoader
2018-12-02 16:40:21,609 - ResourceCache: initialized (class org.apache.velocity.runtime.resource.ResourceCacheImpl) with class java.util.Collections$SynchronizedMap cache map.
2018-12-02 16:40:21,609 - ResourceCache: initialized (class org.apache.velocity.runtime.resource.ResourceCacheImpl) with class java.util.Collections$SynchronizedMap cache map.
2018-12-02 16:40:21,609 - ResourceCache: initialized (class org.apache.velocity.runtime.resource.ResourceCacheImpl) with class java.util.Collections$SynchronizedMap cache map.
2018-12-02 16:40:21,609 - ResourceCache: initialized (class org.apache.velocity.runtime.resource.ResourceCacheImpl) with class java.util.Collections$SynchronizedMap cache map.
2018-12-02 16:40:21,650 - Loaded System Directive: org.apache.velocity.runtime.directive.Stop
2018-12-02 16:40:21,650 - Loaded System Directive: org.apache.velocity.runtime.directive.Stop
2018-12-02 16:40:21,650 - Loaded System Directive: org.apache.velocity.runtime.directive.Stop
2018-12-02 16:40:21,650 - Loaded System Directive: org.apache.velocity.runtime.directive.Stop
2018-12-02 16:40:21,651 - Loaded System Directive: org.apache.velocity.runtime.directive.Define
2018-12-02 16:40:21,651 - Loaded System Directive: org.apache.velocity.runtime.directive.Define
2018-12-02 16:40:21,651 - Loaded System Directive: org.apache.velocity.runtime.directive.Define
2018-12-02 16:40:21,651 - Loaded System Directive: org.apache.velocity.runtime.directive.Define
2018-12-02 16:40:21,651 - Loaded System Directive: org.apache.velocity.runtime.directive.Break
2018-12-02 16:40:21,651 - Loaded System Directive: org.apache.velocity.runtime.directive.Break
2018-12-02 16:40:21,651 - Loaded System Directive: org.apache.velocity.runtime.directive.Break
2018-12-02 16:40:21,651 - Loaded System Directive: org.apache.velocity.runtime.directive.Break
2018-12-02 16:40:21,653 - Loaded System Directive: org.apache.velocity.runtime.directive.Evaluate
2018-12-02 16:40:21,653 - Loaded System Directive: org.apache.velocity.runtime.directive.Evaluate
2018-12-02 16:40:21,653 - Loaded System Directive: org.apache.velocity.runtime.directive.Evaluate
2018-12-02 16:40:21,653 - Loaded System Directive: org.apache.velocity.runtime.directive.Evaluate
2018-12-02 16:40:21,653 - Loaded System Directive: org.apache.velocity.runtime.directive.Literal
2018-12-02 16:40:21,653 - Loaded System Directive: org.apache.velocity.runtime.directive.Literal
2018-12-02 16:40:21,653 - Loaded System Directive: org.apache.velocity.runtime.directive.Literal
2018-12-02 16:40:21,653 - Loaded System Directive: org.apache.velocity.runtime.directive.Literal
2018-12-02 16:40:21,653 - Loaded System Directive: org.apache.velocity.runtime.directive.Macro
2018-12-02 16:40:21,653 - Loaded System Directive: org.apache.velocity.runtime.directive.Macro
2018-12-02 16:40:21,653 - Loaded System Directive: org.apache.velocity.runtime.directive.Macro
2018-12-02 16:40:21,653 - Loaded System Directive: org.apache.velocity.runtime.directive.Macro
2018-12-02 16:40:21,653 - Loaded System Directive: org.apache.velocity.runtime.directive.Parse
2018-12-02 16:40:21,653 - Loaded System Directive: org.apache.velocity.runtime.directive.Parse
2018-12-02 16:40:21,653 - Loaded System Directive: org.apache.velocity.runtime.directive.Parse
2018-12-02 16:40:21,653 - Loaded System Directive: org.apache.velocity.runtime.directive.Parse
2018-12-02 16:40:21,653 - Loaded System Directive: org.apache.velocity.runtime.directive.Include
2018-12-02 16:40:21,653 - Loaded System Directive: org.apache.velocity.runtime.directive.Include
2018-12-02 16:40:21,653 - Loaded System Directive: org.apache.velocity.runtime.directive.Include
2018-12-02 16:40:21,653 - Loaded System Directive: org.apache.velocity.runtime.directive.Include
2018-12-02 16:40:21,655 - Loaded System Directive: org.apache.velocity.runtime.directive.Foreach
2018-12-02 16:40:21,655 - Loaded System Directive: org.apache.velocity.runtime.directive.Foreach
2018-12-02 16:40:21,655 - Loaded System Directive: org.apache.velocity.runtime.directive.Foreach
2018-12-02 16:40:21,655 - Loaded System Directive: org.apache.velocity.runtime.directive.Foreach
2018-12-02 16:40:21,980 - Created '20' parsers.
2018-12-02 16:40:21,980 - Created '20' parsers.
2018-12-02 16:40:21,980 - Created '20' parsers.
2018-12-02 16:40:21,980 - Created '20' parsers.
2018-12-02 16:40:21,982 - Velocimacro : "velocimacro.library" is not set.  Trying default library: VM_global_library.vm
2018-12-02 16:40:21,982 - Velocimacro : "velocimacro.library" is not set.  Trying default library: VM_global_library.vm
2018-12-02 16:40:21,982 - Velocimacro : "velocimacro.library" is not set.  Trying default library: VM_global_library.vm
2018-12-02 16:40:21,982 - Velocimacro : "velocimacro.library" is not set.  Trying default library: VM_global_library.vm
2018-12-02 16:40:22,002 - Could not load resource 'VM_global_library.vm' from ResourceLoader org.apache.velocity.runtime.resource.loader.ClasspathResourceLoader: ClasspathResourceLoader Error: cannot find resource VM_global_library.vm
2018-12-02 16:40:22,002 - Could not load resource 'VM_global_library.vm' from ResourceLoader org.apache.velocity.runtime.resource.loader.ClasspathResourceLoader: ClasspathResourceLoader Error: cannot find resource VM_global_library.vm
2018-12-02 16:40:22,002 - Could not load resource 'VM_global_library.vm' from ResourceLoader org.apache.velocity.runtime.resource.loader.ClasspathResourceLoader: ClasspathResourceLoader Error: cannot find resource VM_global_library.vm
2018-12-02 16:40:22,002 - Could not load resource 'VM_global_library.vm' from ResourceLoader org.apache.velocity.runtime.resource.loader.ClasspathResourceLoader: ClasspathResourceLoader Error: cannot find resource VM_global_library.vm
2018-12-02 16:40:22,002 - Velocimacro : Default library not found.
2018-12-02 16:40:22,002 - Velocimacro : Default library not found.
2018-12-02 16:40:22,002 - Velocimacro : Default library not found.
2018-12-02 16:40:22,002 - Velocimacro : Default library not found.
2018-12-02 16:40:22,002 - Velocimacro : allowInline = true : VMs can be defined inline in templates
2018-12-02 16:40:22,002 - Velocimacro : allowInline = true : VMs can be defined inline in templates
2018-12-02 16:40:22,002 - Velocimacro : allowInline = true : VMs can be defined inline in templates
2018-12-02 16:40:22,002 - Velocimacro : allowInline = true : VMs can be defined inline in templates
2018-12-02 16:40:22,004 - Velocimacro : allowInlineToOverride = false : VMs defined inline may NOT replace previous VM definitions
2018-12-02 16:40:22,004 - Velocimacro : allowInlineToOverride = false : VMs defined inline may NOT replace previous VM definitions
2018-12-02 16:40:22,004 - Velocimacro : allowInlineToOverride = false : VMs defined inline may NOT replace previous VM definitions
2018-12-02 16:40:22,004 - Velocimacro : allowInlineToOverride = false : VMs defined inline may NOT replace previous VM definitions
2018-12-02 16:40:22,004 - Velocimacro : allowInlineLocal = false : VMs defined inline will be global in scope if allowed.
2018-12-02 16:40:22,004 - Velocimacro : allowInlineLocal = false : VMs defined inline will be global in scope if allowed.
2018-12-02 16:40:22,004 - Velocimacro : allowInlineLocal = false : VMs defined inline will be global in scope if allowed.
2018-12-02 16:40:22,004 - Velocimacro : allowInlineLocal = false : VMs defined inline will be global in scope if allowed.
2018-12-02 16:40:22,004 - Velocimacro : autoload off : VM system will not automatically reload global library macros
2018-12-02 16:40:22,004 - Velocimacro : autoload off : VM system will not automatically reload global library macros
2018-12-02 16:40:22,004 - Velocimacro : autoload off : VM system will not automatically reload global library macros
2018-12-02 16:40:22,004 - Velocimacro : autoload off : VM system will not automatically reload global library macros
2018-12-02 16:40:22,010 - ResourceManager : found email.task.vm with loader org.apache.velocity.runtime.resource.loader.ClasspathResourceLoader
2018-12-02 16:40:22,010 - ResourceManager : found email.task.vm with loader org.apache.velocity.runtime.resource.loader.ClasspathResourceLoader
2018-12-02 16:40:22,010 - ResourceManager : found email.task.vm with loader org.apache.velocity.runtime.resource.loader.ClasspathResourceLoader
2018-12-02 16:40:22,010 - ResourceManager : found email.task.vm with loader org.apache.velocity.runtime.resource.loader.ClasspathResourceLoader
